ARM GAS  /tmp/ccpgWsXu.s 			page 1


   1              		.cpu cortex-m3
   2              		.arch armv7-m
   3              		.fpu softvfp
   4              		.eabi_attribute 20, 1
   5              		.eabi_attribute 21, 1
   6              		.eabi_attribute 23, 3
   7              		.eabi_attribute 24, 1
   8              		.eabi_attribute 25, 1
   9              		.eabi_attribute 26, 1
  10              		.eabi_attribute 30, 1
  11              		.eabi_attribute 34, 1
  12              		.eabi_attribute 18, 4
  13              		.file	"stm32f1xx_hal_exti.c"
  14              		.text
  15              	.Ltext0:
  16              		.cfi_sections	.debug_frame
  17              		.section	.text.HAL_EXTI_SetConfigLine,"ax",%progbits
  18              		.align	1
  19              		.global	HAL_EXTI_SetConfigLine
  20              		.syntax unified
  21              		.thumb
  22              		.thumb_func
  24              	HAL_EXTI_SetConfigLine:
  25              	.LVL0:
  26              	.LFB65:
  27              		.file 1 "Drivers/STM32F1xx_HAL_Driver/Src/stm32f1xx_hal_exti.c"
   1:Drivers/STM32F1xx_HAL_Driver/Src/stm32f1xx_hal_exti.c **** /**
   2:Drivers/STM32F1xx_HAL_Driver/Src/stm32f1xx_hal_exti.c ****   ******************************************************************************
   3:Drivers/STM32F1xx_HAL_Driver/Src/stm32f1xx_hal_exti.c ****   * @file    stm32f1xx_hal_exti.c
   4:Drivers/STM32F1xx_HAL_Driver/Src/stm32f1xx_hal_exti.c ****   * @author  MCD Application Team
   5:Drivers/STM32F1xx_HAL_Driver/Src/stm32f1xx_hal_exti.c ****   * @brief   EXTI HAL module driver.
   6:Drivers/STM32F1xx_HAL_Driver/Src/stm32f1xx_hal_exti.c ****   *          This file provides firmware functions to manage the following
   7:Drivers/STM32F1xx_HAL_Driver/Src/stm32f1xx_hal_exti.c ****   *          functionalities of the Extended Interrupts and events controller (EXTI) peripheral:
   8:Drivers/STM32F1xx_HAL_Driver/Src/stm32f1xx_hal_exti.c ****   *           + Initialization and de-initialization functions
   9:Drivers/STM32F1xx_HAL_Driver/Src/stm32f1xx_hal_exti.c ****   *           + IO operation functions
  10:Drivers/STM32F1xx_HAL_Driver/Src/stm32f1xx_hal_exti.c ****   *
  11:Drivers/STM32F1xx_HAL_Driver/Src/stm32f1xx_hal_exti.c ****   @verbatim
  12:Drivers/STM32F1xx_HAL_Driver/Src/stm32f1xx_hal_exti.c ****   ==============================================================================
  13:Drivers/STM32F1xx_HAL_Driver/Src/stm32f1xx_hal_exti.c ****                     ##### EXTI Peripheral features #####
  14:Drivers/STM32F1xx_HAL_Driver/Src/stm32f1xx_hal_exti.c ****   ==============================================================================
  15:Drivers/STM32F1xx_HAL_Driver/Src/stm32f1xx_hal_exti.c ****   [..]
  16:Drivers/STM32F1xx_HAL_Driver/Src/stm32f1xx_hal_exti.c ****     (+) Each Exti line can be configured within this driver.
  17:Drivers/STM32F1xx_HAL_Driver/Src/stm32f1xx_hal_exti.c **** 
  18:Drivers/STM32F1xx_HAL_Driver/Src/stm32f1xx_hal_exti.c ****     (+) Exti line can be configured in 3 different modes
  19:Drivers/STM32F1xx_HAL_Driver/Src/stm32f1xx_hal_exti.c ****         (++) Interrupt
  20:Drivers/STM32F1xx_HAL_Driver/Src/stm32f1xx_hal_exti.c ****         (++) Event
  21:Drivers/STM32F1xx_HAL_Driver/Src/stm32f1xx_hal_exti.c ****         (++) Both of them
  22:Drivers/STM32F1xx_HAL_Driver/Src/stm32f1xx_hal_exti.c **** 
  23:Drivers/STM32F1xx_HAL_Driver/Src/stm32f1xx_hal_exti.c ****     (+) Configurable Exti lines can be configured with 3 different triggers
  24:Drivers/STM32F1xx_HAL_Driver/Src/stm32f1xx_hal_exti.c ****         (++) Rising
  25:Drivers/STM32F1xx_HAL_Driver/Src/stm32f1xx_hal_exti.c ****         (++) Falling
  26:Drivers/STM32F1xx_HAL_Driver/Src/stm32f1xx_hal_exti.c ****         (++) Both of them
  27:Drivers/STM32F1xx_HAL_Driver/Src/stm32f1xx_hal_exti.c **** 
  28:Drivers/STM32F1xx_HAL_Driver/Src/stm32f1xx_hal_exti.c ****     (+) When set in interrupt mode, configurable Exti lines have two different
  29:Drivers/STM32F1xx_HAL_Driver/Src/stm32f1xx_hal_exti.c ****         interrupts pending registers which allow to distinguish which transition
  30:Drivers/STM32F1xx_HAL_Driver/Src/stm32f1xx_hal_exti.c ****         occurs:
  31:Drivers/STM32F1xx_HAL_Driver/Src/stm32f1xx_hal_exti.c ****         (++) Rising edge pending interrupt
ARM GAS  /tmp/ccpgWsXu.s 			page 2


  32:Drivers/STM32F1xx_HAL_Driver/Src/stm32f1xx_hal_exti.c ****         (++) Falling
  33:Drivers/STM32F1xx_HAL_Driver/Src/stm32f1xx_hal_exti.c **** 
  34:Drivers/STM32F1xx_HAL_Driver/Src/stm32f1xx_hal_exti.c ****     (+) Exti lines 0 to 15 are linked to gpio pin number 0 to 15. Gpio port can
  35:Drivers/STM32F1xx_HAL_Driver/Src/stm32f1xx_hal_exti.c ****         be selected through multiplexer.
  36:Drivers/STM32F1xx_HAL_Driver/Src/stm32f1xx_hal_exti.c **** 
  37:Drivers/STM32F1xx_HAL_Driver/Src/stm32f1xx_hal_exti.c ****                      ##### How to use this driver #####
  38:Drivers/STM32F1xx_HAL_Driver/Src/stm32f1xx_hal_exti.c ****   ==============================================================================
  39:Drivers/STM32F1xx_HAL_Driver/Src/stm32f1xx_hal_exti.c ****   [..]
  40:Drivers/STM32F1xx_HAL_Driver/Src/stm32f1xx_hal_exti.c **** 
  41:Drivers/STM32F1xx_HAL_Driver/Src/stm32f1xx_hal_exti.c ****     (#) Configure the EXTI line using HAL_EXTI_SetConfigLine().
  42:Drivers/STM32F1xx_HAL_Driver/Src/stm32f1xx_hal_exti.c ****         (++) Choose the interrupt line number by setting "Line" member from
  43:Drivers/STM32F1xx_HAL_Driver/Src/stm32f1xx_hal_exti.c ****              EXTI_ConfigTypeDef structure.
  44:Drivers/STM32F1xx_HAL_Driver/Src/stm32f1xx_hal_exti.c ****         (++) Configure the interrupt and/or event mode using "Mode" member from
  45:Drivers/STM32F1xx_HAL_Driver/Src/stm32f1xx_hal_exti.c ****              EXTI_ConfigTypeDef structure.
  46:Drivers/STM32F1xx_HAL_Driver/Src/stm32f1xx_hal_exti.c ****         (++) For configurable lines, configure rising and/or falling trigger
  47:Drivers/STM32F1xx_HAL_Driver/Src/stm32f1xx_hal_exti.c ****              "Trigger" member from EXTI_ConfigTypeDef structure.
  48:Drivers/STM32F1xx_HAL_Driver/Src/stm32f1xx_hal_exti.c ****         (++) For Exti lines linked to gpio, choose gpio port using "GPIOSel"
  49:Drivers/STM32F1xx_HAL_Driver/Src/stm32f1xx_hal_exti.c ****              member from GPIO_InitTypeDef structure.
  50:Drivers/STM32F1xx_HAL_Driver/Src/stm32f1xx_hal_exti.c **** 
  51:Drivers/STM32F1xx_HAL_Driver/Src/stm32f1xx_hal_exti.c ****     (#) Get current Exti configuration of a dedicated line using
  52:Drivers/STM32F1xx_HAL_Driver/Src/stm32f1xx_hal_exti.c ****         HAL_EXTI_GetConfigLine().
  53:Drivers/STM32F1xx_HAL_Driver/Src/stm32f1xx_hal_exti.c ****         (++) Provide exiting handle as parameter.
  54:Drivers/STM32F1xx_HAL_Driver/Src/stm32f1xx_hal_exti.c ****         (++) Provide pointer on EXTI_ConfigTypeDef structure as second parameter.
  55:Drivers/STM32F1xx_HAL_Driver/Src/stm32f1xx_hal_exti.c **** 
  56:Drivers/STM32F1xx_HAL_Driver/Src/stm32f1xx_hal_exti.c ****     (#) Clear Exti configuration of a dedicated line using HAL_EXTI_GetConfigLine().
  57:Drivers/STM32F1xx_HAL_Driver/Src/stm32f1xx_hal_exti.c ****         (++) Provide exiting handle as parameter.
  58:Drivers/STM32F1xx_HAL_Driver/Src/stm32f1xx_hal_exti.c **** 
  59:Drivers/STM32F1xx_HAL_Driver/Src/stm32f1xx_hal_exti.c ****     (#) Register callback to treat Exti interrupts using HAL_EXTI_RegisterCallback().
  60:Drivers/STM32F1xx_HAL_Driver/Src/stm32f1xx_hal_exti.c ****         (++) Provide exiting handle as first parameter.
  61:Drivers/STM32F1xx_HAL_Driver/Src/stm32f1xx_hal_exti.c ****         (++) Provide which callback will be registered using one value from
  62:Drivers/STM32F1xx_HAL_Driver/Src/stm32f1xx_hal_exti.c ****              EXTI_CallbackIDTypeDef.
  63:Drivers/STM32F1xx_HAL_Driver/Src/stm32f1xx_hal_exti.c ****         (++) Provide callback function pointer.
  64:Drivers/STM32F1xx_HAL_Driver/Src/stm32f1xx_hal_exti.c **** 
  65:Drivers/STM32F1xx_HAL_Driver/Src/stm32f1xx_hal_exti.c ****     (#) Get interrupt pending bit using HAL_EXTI_GetPending().
  66:Drivers/STM32F1xx_HAL_Driver/Src/stm32f1xx_hal_exti.c **** 
  67:Drivers/STM32F1xx_HAL_Driver/Src/stm32f1xx_hal_exti.c ****     (#) Clear interrupt pending bit using HAL_EXTI_GetPending().
  68:Drivers/STM32F1xx_HAL_Driver/Src/stm32f1xx_hal_exti.c **** 
  69:Drivers/STM32F1xx_HAL_Driver/Src/stm32f1xx_hal_exti.c ****     (#) Generate software interrupt using HAL_EXTI_GenerateSWI().
  70:Drivers/STM32F1xx_HAL_Driver/Src/stm32f1xx_hal_exti.c **** 
  71:Drivers/STM32F1xx_HAL_Driver/Src/stm32f1xx_hal_exti.c ****   @endverbatim
  72:Drivers/STM32F1xx_HAL_Driver/Src/stm32f1xx_hal_exti.c ****   ******************************************************************************
  73:Drivers/STM32F1xx_HAL_Driver/Src/stm32f1xx_hal_exti.c ****   * @attention
  74:Drivers/STM32F1xx_HAL_Driver/Src/stm32f1xx_hal_exti.c ****   *
  75:Drivers/STM32F1xx_HAL_Driver/Src/stm32f1xx_hal_exti.c ****   * <h2><center>&copy; Copyright (c) 2019 STMicroelectronics.
  76:Drivers/STM32F1xx_HAL_Driver/Src/stm32f1xx_hal_exti.c ****   * All rights reserved.</center></h2>
  77:Drivers/STM32F1xx_HAL_Driver/Src/stm32f1xx_hal_exti.c ****   *
  78:Drivers/STM32F1xx_HAL_Driver/Src/stm32f1xx_hal_exti.c ****   * This software component is licensed by ST under BSD 3-Clause license,
  79:Drivers/STM32F1xx_HAL_Driver/Src/stm32f1xx_hal_exti.c ****   * the "License"; You may not use this file except in compliance with the
  80:Drivers/STM32F1xx_HAL_Driver/Src/stm32f1xx_hal_exti.c ****   * License. You may obtain a copy of the License at:
  81:Drivers/STM32F1xx_HAL_Driver/Src/stm32f1xx_hal_exti.c ****   *                        opensource.org/licenses/BSD-3-Clause
  82:Drivers/STM32F1xx_HAL_Driver/Src/stm32f1xx_hal_exti.c ****   *
  83:Drivers/STM32F1xx_HAL_Driver/Src/stm32f1xx_hal_exti.c ****   ******************************************************************************
  84:Drivers/STM32F1xx_HAL_Driver/Src/stm32f1xx_hal_exti.c ****   */
  85:Drivers/STM32F1xx_HAL_Driver/Src/stm32f1xx_hal_exti.c **** 
  86:Drivers/STM32F1xx_HAL_Driver/Src/stm32f1xx_hal_exti.c **** /* Includes ------------------------------------------------------------------*/
  87:Drivers/STM32F1xx_HAL_Driver/Src/stm32f1xx_hal_exti.c **** #include "stm32f1xx_hal.h"
  88:Drivers/STM32F1xx_HAL_Driver/Src/stm32f1xx_hal_exti.c **** 
ARM GAS  /tmp/ccpgWsXu.s 			page 3


  89:Drivers/STM32F1xx_HAL_Driver/Src/stm32f1xx_hal_exti.c **** /** @addtogroup STM32F1xx_HAL_Driver
  90:Drivers/STM32F1xx_HAL_Driver/Src/stm32f1xx_hal_exti.c ****   * @{
  91:Drivers/STM32F1xx_HAL_Driver/Src/stm32f1xx_hal_exti.c ****   */
  92:Drivers/STM32F1xx_HAL_Driver/Src/stm32f1xx_hal_exti.c **** 
  93:Drivers/STM32F1xx_HAL_Driver/Src/stm32f1xx_hal_exti.c **** /** @addtogroup EXTI
  94:Drivers/STM32F1xx_HAL_Driver/Src/stm32f1xx_hal_exti.c ****   * @{
  95:Drivers/STM32F1xx_HAL_Driver/Src/stm32f1xx_hal_exti.c ****   */
  96:Drivers/STM32F1xx_HAL_Driver/Src/stm32f1xx_hal_exti.c **** /** MISRA C:2012 deviation rule has been granted for following rule:
  97:Drivers/STM32F1xx_HAL_Driver/Src/stm32f1xx_hal_exti.c ****   * Rule-18.1_b - Medium: Array `EXTICR' 1st subscript interval [0,7] may be out
  98:Drivers/STM32F1xx_HAL_Driver/Src/stm32f1xx_hal_exti.c ****   * of bounds [0,3] in following API :
  99:Drivers/STM32F1xx_HAL_Driver/Src/stm32f1xx_hal_exti.c ****   * HAL_EXTI_SetConfigLine
 100:Drivers/STM32F1xx_HAL_Driver/Src/stm32f1xx_hal_exti.c ****   * HAL_EXTI_GetConfigLine
 101:Drivers/STM32F1xx_HAL_Driver/Src/stm32f1xx_hal_exti.c ****   * HAL_EXTI_ClearConfigLine
 102:Drivers/STM32F1xx_HAL_Driver/Src/stm32f1xx_hal_exti.c ****   */
 103:Drivers/STM32F1xx_HAL_Driver/Src/stm32f1xx_hal_exti.c **** 
 104:Drivers/STM32F1xx_HAL_Driver/Src/stm32f1xx_hal_exti.c **** #ifdef HAL_EXTI_MODULE_ENABLED
 105:Drivers/STM32F1xx_HAL_Driver/Src/stm32f1xx_hal_exti.c **** 
 106:Drivers/STM32F1xx_HAL_Driver/Src/stm32f1xx_hal_exti.c **** /* Private typedef -----------------------------------------------------------*/
 107:Drivers/STM32F1xx_HAL_Driver/Src/stm32f1xx_hal_exti.c **** /* Private defines -----------------------------------------------------------*/
 108:Drivers/STM32F1xx_HAL_Driver/Src/stm32f1xx_hal_exti.c **** /** @defgroup EXTI_Private_Constants EXTI Private Constants
 109:Drivers/STM32F1xx_HAL_Driver/Src/stm32f1xx_hal_exti.c ****   * @{
 110:Drivers/STM32F1xx_HAL_Driver/Src/stm32f1xx_hal_exti.c ****   */
 111:Drivers/STM32F1xx_HAL_Driver/Src/stm32f1xx_hal_exti.c **** 
 112:Drivers/STM32F1xx_HAL_Driver/Src/stm32f1xx_hal_exti.c **** /**
 113:Drivers/STM32F1xx_HAL_Driver/Src/stm32f1xx_hal_exti.c ****   * @}
 114:Drivers/STM32F1xx_HAL_Driver/Src/stm32f1xx_hal_exti.c ****   */
 115:Drivers/STM32F1xx_HAL_Driver/Src/stm32f1xx_hal_exti.c **** 
 116:Drivers/STM32F1xx_HAL_Driver/Src/stm32f1xx_hal_exti.c **** /* Private macros ------------------------------------------------------------*/
 117:Drivers/STM32F1xx_HAL_Driver/Src/stm32f1xx_hal_exti.c **** /* Private variables ---------------------------------------------------------*/
 118:Drivers/STM32F1xx_HAL_Driver/Src/stm32f1xx_hal_exti.c **** /* Private function prototypes -----------------------------------------------*/
 119:Drivers/STM32F1xx_HAL_Driver/Src/stm32f1xx_hal_exti.c **** /* Exported functions --------------------------------------------------------*/
 120:Drivers/STM32F1xx_HAL_Driver/Src/stm32f1xx_hal_exti.c **** 
 121:Drivers/STM32F1xx_HAL_Driver/Src/stm32f1xx_hal_exti.c **** /** @addtogroup EXTI_Exported_Functions
 122:Drivers/STM32F1xx_HAL_Driver/Src/stm32f1xx_hal_exti.c ****   * @{
 123:Drivers/STM32F1xx_HAL_Driver/Src/stm32f1xx_hal_exti.c ****   */
 124:Drivers/STM32F1xx_HAL_Driver/Src/stm32f1xx_hal_exti.c **** 
 125:Drivers/STM32F1xx_HAL_Driver/Src/stm32f1xx_hal_exti.c **** /** @addtogroup EXTI_Exported_Functions_Group1
 126:Drivers/STM32F1xx_HAL_Driver/Src/stm32f1xx_hal_exti.c ****   *  @brief    Configuration functions
 127:Drivers/STM32F1xx_HAL_Driver/Src/stm32f1xx_hal_exti.c ****   *
 128:Drivers/STM32F1xx_HAL_Driver/Src/stm32f1xx_hal_exti.c **** @verbatim
 129:Drivers/STM32F1xx_HAL_Driver/Src/stm32f1xx_hal_exti.c ****  ===============================================================================
 130:Drivers/STM32F1xx_HAL_Driver/Src/stm32f1xx_hal_exti.c ****               ##### Configuration functions #####
 131:Drivers/STM32F1xx_HAL_Driver/Src/stm32f1xx_hal_exti.c ****  ===============================================================================
 132:Drivers/STM32F1xx_HAL_Driver/Src/stm32f1xx_hal_exti.c **** 
 133:Drivers/STM32F1xx_HAL_Driver/Src/stm32f1xx_hal_exti.c **** @endverbatim
 134:Drivers/STM32F1xx_HAL_Driver/Src/stm32f1xx_hal_exti.c ****   * @{
 135:Drivers/STM32F1xx_HAL_Driver/Src/stm32f1xx_hal_exti.c ****   */
 136:Drivers/STM32F1xx_HAL_Driver/Src/stm32f1xx_hal_exti.c **** 
 137:Drivers/STM32F1xx_HAL_Driver/Src/stm32f1xx_hal_exti.c **** /**
 138:Drivers/STM32F1xx_HAL_Driver/Src/stm32f1xx_hal_exti.c ****   * @brief  Set configuration of a dedicated Exti line.
 139:Drivers/STM32F1xx_HAL_Driver/Src/stm32f1xx_hal_exti.c ****   * @param  hexti Exti handle.
 140:Drivers/STM32F1xx_HAL_Driver/Src/stm32f1xx_hal_exti.c ****   * @param  pExtiConfig Pointer on EXTI configuration to be set.
 141:Drivers/STM32F1xx_HAL_Driver/Src/stm32f1xx_hal_exti.c ****   * @retval HAL Status.
 142:Drivers/STM32F1xx_HAL_Driver/Src/stm32f1xx_hal_exti.c ****   */
 143:Drivers/STM32F1xx_HAL_Driver/Src/stm32f1xx_hal_exti.c **** HAL_StatusTypeDef HAL_EXTI_SetConfigLine(EXTI_HandleTypeDef *hexti, EXTI_ConfigTypeDef *pExtiConfig
 144:Drivers/STM32F1xx_HAL_Driver/Src/stm32f1xx_hal_exti.c **** {
  28              		.loc 1 144 1 view -0
ARM GAS  /tmp/ccpgWsXu.s 			page 4


  29              		.cfi_startproc
  30              		@ args = 0, pretend = 0, frame = 0
  31              		@ frame_needed = 0, uses_anonymous_args = 0
  32              		@ link register save eliminated.
 145:Drivers/STM32F1xx_HAL_Driver/Src/stm32f1xx_hal_exti.c ****   uint32_t regval;
  33              		.loc 1 145 3 view .LVU1
 146:Drivers/STM32F1xx_HAL_Driver/Src/stm32f1xx_hal_exti.c ****   uint32_t linepos;
  34              		.loc 1 146 3 view .LVU2
 147:Drivers/STM32F1xx_HAL_Driver/Src/stm32f1xx_hal_exti.c ****   uint32_t maskline;
  35              		.loc 1 147 3 view .LVU3
 148:Drivers/STM32F1xx_HAL_Driver/Src/stm32f1xx_hal_exti.c **** 
 149:Drivers/STM32F1xx_HAL_Driver/Src/stm32f1xx_hal_exti.c ****   /* Check null pointer */
 150:Drivers/STM32F1xx_HAL_Driver/Src/stm32f1xx_hal_exti.c ****   if ((hexti == NULL) || (pExtiConfig == NULL))
  36              		.loc 1 150 3 view .LVU4
  37              		.loc 1 150 6 is_stmt 0 view .LVU5
  38 0000 0028     		cmp	r0, #0
  39 0002 60D0     		beq	.L11
  40              		.loc 1 150 23 discriminator 1 view .LVU6
  41 0004 0029     		cmp	r1, #0
  42 0006 60D0     		beq	.L12
 144:Drivers/STM32F1xx_HAL_Driver/Src/stm32f1xx_hal_exti.c ****   uint32_t regval;
  43              		.loc 1 144 1 view .LVU7
  44 0008 70B4     		push	{r4, r5, r6}
  45              		.cfi_def_cfa_offset 12
  46              		.cfi_offset 4, -12
  47              		.cfi_offset 5, -8
  48              		.cfi_offset 6, -4
 151:Drivers/STM32F1xx_HAL_Driver/Src/stm32f1xx_hal_exti.c ****   {
 152:Drivers/STM32F1xx_HAL_Driver/Src/stm32f1xx_hal_exti.c ****     return HAL_ERROR;
 153:Drivers/STM32F1xx_HAL_Driver/Src/stm32f1xx_hal_exti.c ****   }
 154:Drivers/STM32F1xx_HAL_Driver/Src/stm32f1xx_hal_exti.c **** 
 155:Drivers/STM32F1xx_HAL_Driver/Src/stm32f1xx_hal_exti.c ****   /* Check parameters */
 156:Drivers/STM32F1xx_HAL_Driver/Src/stm32f1xx_hal_exti.c ****   assert_param(IS_EXTI_LINE(pExtiConfig->Line));
  49              		.loc 1 156 3 is_stmt 1 view .LVU8
 157:Drivers/STM32F1xx_HAL_Driver/Src/stm32f1xx_hal_exti.c ****   assert_param(IS_EXTI_MODE(pExtiConfig->Mode));
  50              		.loc 1 157 3 view .LVU9
 158:Drivers/STM32F1xx_HAL_Driver/Src/stm32f1xx_hal_exti.c **** 
 159:Drivers/STM32F1xx_HAL_Driver/Src/stm32f1xx_hal_exti.c ****   /* Assign line number to handle */
 160:Drivers/STM32F1xx_HAL_Driver/Src/stm32f1xx_hal_exti.c ****   hexti->Line = pExtiConfig->Line;
  51              		.loc 1 160 3 view .LVU10
  52              		.loc 1 160 28 is_stmt 0 view .LVU11
  53 000a 0B68     		ldr	r3, [r1]
  54              		.loc 1 160 15 view .LVU12
  55 000c 0360     		str	r3, [r0]
 161:Drivers/STM32F1xx_HAL_Driver/Src/stm32f1xx_hal_exti.c **** 
 162:Drivers/STM32F1xx_HAL_Driver/Src/stm32f1xx_hal_exti.c ****   /* Compute line mask */
 163:Drivers/STM32F1xx_HAL_Driver/Src/stm32f1xx_hal_exti.c ****   linepos = (pExtiConfig->Line & EXTI_PIN_MASK);
  56              		.loc 1 163 3 is_stmt 1 view .LVU13
  57              		.loc 1 163 11 is_stmt 0 view .LVU14
  58 000e 03F01F02 		and	r2, r3, #31
  59              	.LVL1:
 164:Drivers/STM32F1xx_HAL_Driver/Src/stm32f1xx_hal_exti.c ****   maskline = (1uL << linepos);
  60              		.loc 1 164 3 is_stmt 1 view .LVU15
  61              		.loc 1 164 12 is_stmt 0 view .LVU16
  62 0012 0120     		movs	r0, #1
  63              	.LVL2:
  64              		.loc 1 164 12 view .LVU17
ARM GAS  /tmp/ccpgWsXu.s 			page 5


  65 0014 9040     		lsls	r0, r0, r2
  66              	.LVL3:
 165:Drivers/STM32F1xx_HAL_Driver/Src/stm32f1xx_hal_exti.c **** 
 166:Drivers/STM32F1xx_HAL_Driver/Src/stm32f1xx_hal_exti.c ****   /* Configure triggers for configurable lines */
 167:Drivers/STM32F1xx_HAL_Driver/Src/stm32f1xx_hal_exti.c ****   if ((pExtiConfig->Line & EXTI_CONFIG) != 0x00u)
  67              		.loc 1 167 3 is_stmt 1 view .LVU18
  68              		.loc 1 167 6 is_stmt 0 view .LVU19
  69 0016 13F0007F 		tst	r3, #33554432
  70 001a 15D0     		beq	.L3
 168:Drivers/STM32F1xx_HAL_Driver/Src/stm32f1xx_hal_exti.c ****   {
 169:Drivers/STM32F1xx_HAL_Driver/Src/stm32f1xx_hal_exti.c ****     assert_param(IS_EXTI_TRIGGER(pExtiConfig->Trigger));
  71              		.loc 1 169 5 is_stmt 1 view .LVU20
 170:Drivers/STM32F1xx_HAL_Driver/Src/stm32f1xx_hal_exti.c **** 
 171:Drivers/STM32F1xx_HAL_Driver/Src/stm32f1xx_hal_exti.c ****     /* Configure rising trigger */
 172:Drivers/STM32F1xx_HAL_Driver/Src/stm32f1xx_hal_exti.c ****     /* Mask or set line */
 173:Drivers/STM32F1xx_HAL_Driver/Src/stm32f1xx_hal_exti.c ****     if ((pExtiConfig->Trigger & EXTI_TRIGGER_RISING) != 0x00u)
  72              		.loc 1 173 5 view .LVU21
  73              		.loc 1 173 8 is_stmt 0 view .LVU22
  74 001c 8C68     		ldr	r4, [r1, #8]
  75 001e 14F0010F 		tst	r4, #1
  76 0022 24D0     		beq	.L4
 174:Drivers/STM32F1xx_HAL_Driver/Src/stm32f1xx_hal_exti.c ****     {
 175:Drivers/STM32F1xx_HAL_Driver/Src/stm32f1xx_hal_exti.c ****       EXTI->RTSR |= maskline;
  77              		.loc 1 175 7 is_stmt 1 view .LVU23
  78              		.loc 1 175 18 is_stmt 0 view .LVU24
  79 0024 2A4D     		ldr	r5, .L18
  80 0026 AC68     		ldr	r4, [r5, #8]
  81 0028 0443     		orrs	r4, r4, r0
  82 002a AC60     		str	r4, [r5, #8]
  83              	.L5:
 176:Drivers/STM32F1xx_HAL_Driver/Src/stm32f1xx_hal_exti.c ****     }
 177:Drivers/STM32F1xx_HAL_Driver/Src/stm32f1xx_hal_exti.c ****     else
 178:Drivers/STM32F1xx_HAL_Driver/Src/stm32f1xx_hal_exti.c ****     {
 179:Drivers/STM32F1xx_HAL_Driver/Src/stm32f1xx_hal_exti.c ****       EXTI->RTSR &= ~maskline;
 180:Drivers/STM32F1xx_HAL_Driver/Src/stm32f1xx_hal_exti.c ****     }
 181:Drivers/STM32F1xx_HAL_Driver/Src/stm32f1xx_hal_exti.c **** 
 182:Drivers/STM32F1xx_HAL_Driver/Src/stm32f1xx_hal_exti.c ****     /* Configure falling trigger */
 183:Drivers/STM32F1xx_HAL_Driver/Src/stm32f1xx_hal_exti.c ****     /* Mask or set line */
 184:Drivers/STM32F1xx_HAL_Driver/Src/stm32f1xx_hal_exti.c ****     if ((pExtiConfig->Trigger & EXTI_TRIGGER_FALLING) != 0x00u)
  84              		.loc 1 184 5 is_stmt 1 view .LVU25
  85              		.loc 1 184 8 is_stmt 0 view .LVU26
  86 002c 8C68     		ldr	r4, [r1, #8]
  87 002e 14F0020F 		tst	r4, #2
  88 0032 22D0     		beq	.L6
 185:Drivers/STM32F1xx_HAL_Driver/Src/stm32f1xx_hal_exti.c ****     {
 186:Drivers/STM32F1xx_HAL_Driver/Src/stm32f1xx_hal_exti.c ****       EXTI->FTSR |= maskline;
  89              		.loc 1 186 7 is_stmt 1 view .LVU27
  90              		.loc 1 186 18 is_stmt 0 view .LVU28
  91 0034 264D     		ldr	r5, .L18
  92 0036 EC68     		ldr	r4, [r5, #12]
  93 0038 0443     		orrs	r4, r4, r0
  94 003a EC60     		str	r4, [r5, #12]
  95              	.L7:
 187:Drivers/STM32F1xx_HAL_Driver/Src/stm32f1xx_hal_exti.c ****     }
 188:Drivers/STM32F1xx_HAL_Driver/Src/stm32f1xx_hal_exti.c ****     else
 189:Drivers/STM32F1xx_HAL_Driver/Src/stm32f1xx_hal_exti.c ****     {
 190:Drivers/STM32F1xx_HAL_Driver/Src/stm32f1xx_hal_exti.c ****       EXTI->FTSR &= ~maskline;
ARM GAS  /tmp/ccpgWsXu.s 			page 6


 191:Drivers/STM32F1xx_HAL_Driver/Src/stm32f1xx_hal_exti.c ****     }
 192:Drivers/STM32F1xx_HAL_Driver/Src/stm32f1xx_hal_exti.c **** 
 193:Drivers/STM32F1xx_HAL_Driver/Src/stm32f1xx_hal_exti.c **** 
 194:Drivers/STM32F1xx_HAL_Driver/Src/stm32f1xx_hal_exti.c ****     /* Configure gpio port selection in case of gpio exti line */
 195:Drivers/STM32F1xx_HAL_Driver/Src/stm32f1xx_hal_exti.c ****     if ((pExtiConfig->Line & EXTI_GPIO) == EXTI_GPIO)
  96              		.loc 1 195 5 is_stmt 1 view .LVU29
  97              		.loc 1 195 28 is_stmt 0 view .LVU30
  98 003c 0C68     		ldr	r4, [r1]
  99 003e 04F0C06C 		and	ip, r4, #100663296
 100              		.loc 1 195 8 view .LVU31
 101 0042 BCF1C06F 		cmp	ip, #100663296
 102 0046 1ED0     		beq	.L17
 103              	.LVL4:
 104              	.L3:
 196:Drivers/STM32F1xx_HAL_Driver/Src/stm32f1xx_hal_exti.c ****     {
 197:Drivers/STM32F1xx_HAL_Driver/Src/stm32f1xx_hal_exti.c ****       assert_param(IS_EXTI_GPIO_PORT(pExtiConfig->GPIOSel));
 198:Drivers/STM32F1xx_HAL_Driver/Src/stm32f1xx_hal_exti.c ****       assert_param(IS_EXTI_GPIO_PIN(linepos));
 199:Drivers/STM32F1xx_HAL_Driver/Src/stm32f1xx_hal_exti.c ****       
 200:Drivers/STM32F1xx_HAL_Driver/Src/stm32f1xx_hal_exti.c ****       regval = AFIO->EXTICR[linepos >> 2u];
 201:Drivers/STM32F1xx_HAL_Driver/Src/stm32f1xx_hal_exti.c ****       regval &= ~(AFIO_EXTICR1_EXTI0 << (AFIO_EXTICR1_EXTI1_Pos * (linepos & 0x03u)));
 202:Drivers/STM32F1xx_HAL_Driver/Src/stm32f1xx_hal_exti.c ****       regval |= (pExtiConfig->GPIOSel << (AFIO_EXTICR1_EXTI1_Pos * (linepos & 0x03u)));
 203:Drivers/STM32F1xx_HAL_Driver/Src/stm32f1xx_hal_exti.c ****       AFIO->EXTICR[linepos >> 2u] = regval;
 204:Drivers/STM32F1xx_HAL_Driver/Src/stm32f1xx_hal_exti.c ****     }
 205:Drivers/STM32F1xx_HAL_Driver/Src/stm32f1xx_hal_exti.c ****   }
 206:Drivers/STM32F1xx_HAL_Driver/Src/stm32f1xx_hal_exti.c **** 
 207:Drivers/STM32F1xx_HAL_Driver/Src/stm32f1xx_hal_exti.c ****   /* Configure interrupt mode : read current mode */
 208:Drivers/STM32F1xx_HAL_Driver/Src/stm32f1xx_hal_exti.c ****   /* Mask or set line */
 209:Drivers/STM32F1xx_HAL_Driver/Src/stm32f1xx_hal_exti.c ****   if ((pExtiConfig->Mode & EXTI_MODE_INTERRUPT) != 0x00u)
 105              		.loc 1 209 3 is_stmt 1 view .LVU32
 106              		.loc 1 209 19 is_stmt 0 view .LVU33
 107 0048 4B68     		ldr	r3, [r1, #4]
 108              		.loc 1 209 6 view .LVU34
 109 004a 13F0010F 		tst	r3, #1
 110 004e 2DD0     		beq	.L8
 210:Drivers/STM32F1xx_HAL_Driver/Src/stm32f1xx_hal_exti.c ****   {
 211:Drivers/STM32F1xx_HAL_Driver/Src/stm32f1xx_hal_exti.c ****     EXTI->IMR |= maskline;
 111              		.loc 1 211 5 is_stmt 1 view .LVU35
 112              		.loc 1 211 15 is_stmt 0 view .LVU36
 113 0050 1F4A     		ldr	r2, .L18
 114 0052 1368     		ldr	r3, [r2]
 115 0054 0343     		orrs	r3, r3, r0
 116 0056 1360     		str	r3, [r2]
 117              	.L9:
 212:Drivers/STM32F1xx_HAL_Driver/Src/stm32f1xx_hal_exti.c ****   }
 213:Drivers/STM32F1xx_HAL_Driver/Src/stm32f1xx_hal_exti.c ****   else
 214:Drivers/STM32F1xx_HAL_Driver/Src/stm32f1xx_hal_exti.c ****   {
 215:Drivers/STM32F1xx_HAL_Driver/Src/stm32f1xx_hal_exti.c ****     EXTI->IMR &= ~maskline;
 216:Drivers/STM32F1xx_HAL_Driver/Src/stm32f1xx_hal_exti.c ****   }
 217:Drivers/STM32F1xx_HAL_Driver/Src/stm32f1xx_hal_exti.c **** 
 218:Drivers/STM32F1xx_HAL_Driver/Src/stm32f1xx_hal_exti.c ****   /* Configure event mode : read current mode */
 219:Drivers/STM32F1xx_HAL_Driver/Src/stm32f1xx_hal_exti.c ****   /* Mask or set line */
 220:Drivers/STM32F1xx_HAL_Driver/Src/stm32f1xx_hal_exti.c ****   if ((pExtiConfig->Mode & EXTI_MODE_EVENT) != 0x00u)
 118              		.loc 1 220 3 is_stmt 1 view .LVU37
 119              		.loc 1 220 19 is_stmt 0 view .LVU38
 120 0058 4B68     		ldr	r3, [r1, #4]
 121              		.loc 1 220 6 view .LVU39
 122 005a 13F0020F 		tst	r3, #2
ARM GAS  /tmp/ccpgWsXu.s 			page 7


 123 005e 2BD0     		beq	.L10
 221:Drivers/STM32F1xx_HAL_Driver/Src/stm32f1xx_hal_exti.c ****   {
 222:Drivers/STM32F1xx_HAL_Driver/Src/stm32f1xx_hal_exti.c ****     EXTI->EMR |= maskline;
 124              		.loc 1 222 5 is_stmt 1 view .LVU40
 125              		.loc 1 222 15 is_stmt 0 view .LVU41
 126 0060 1B4A     		ldr	r2, .L18
 127 0062 5368     		ldr	r3, [r2, #4]
 128 0064 0343     		orrs	r3, r3, r0
 129 0066 5360     		str	r3, [r2, #4]
 223:Drivers/STM32F1xx_HAL_Driver/Src/stm32f1xx_hal_exti.c ****   }
 224:Drivers/STM32F1xx_HAL_Driver/Src/stm32f1xx_hal_exti.c ****   else
 225:Drivers/STM32F1xx_HAL_Driver/Src/stm32f1xx_hal_exti.c ****   {
 226:Drivers/STM32F1xx_HAL_Driver/Src/stm32f1xx_hal_exti.c ****     EXTI->EMR &= ~maskline;
 227:Drivers/STM32F1xx_HAL_Driver/Src/stm32f1xx_hal_exti.c ****   }
 228:Drivers/STM32F1xx_HAL_Driver/Src/stm32f1xx_hal_exti.c **** 
 229:Drivers/STM32F1xx_HAL_Driver/Src/stm32f1xx_hal_exti.c ****   return HAL_OK;
 130              		.loc 1 229 10 view .LVU42
 131 0068 0020     		movs	r0, #0
 132              	.LVL5:
 133              	.L2:
 230:Drivers/STM32F1xx_HAL_Driver/Src/stm32f1xx_hal_exti.c **** }
 134              		.loc 1 230 1 view .LVU43
 135 006a 70BC     		pop	{r4, r5, r6}
 136              		.cfi_remember_state
 137              		.cfi_restore 6
 138              		.cfi_restore 5
 139              		.cfi_restore 4
 140              		.cfi_def_cfa_offset 0
 141 006c 7047     		bx	lr
 142              	.LVL6:
 143              	.L4:
 144              		.cfi_restore_state
 179:Drivers/STM32F1xx_HAL_Driver/Src/stm32f1xx_hal_exti.c ****     }
 145              		.loc 1 179 7 is_stmt 1 view .LVU44
 179:Drivers/STM32F1xx_HAL_Driver/Src/stm32f1xx_hal_exti.c ****     }
 146              		.loc 1 179 18 is_stmt 0 view .LVU45
 147 006e 184D     		ldr	r5, .L18
 148 0070 AC68     		ldr	r4, [r5, #8]
 149 0072 24EA0004 		bic	r4, r4, r0
 150 0076 AC60     		str	r4, [r5, #8]
 151 0078 D8E7     		b	.L5
 152              	.L6:
 190:Drivers/STM32F1xx_HAL_Driver/Src/stm32f1xx_hal_exti.c ****     }
 153              		.loc 1 190 7 is_stmt 1 view .LVU46
 190:Drivers/STM32F1xx_HAL_Driver/Src/stm32f1xx_hal_exti.c ****     }
 154              		.loc 1 190 18 is_stmt 0 view .LVU47
 155 007a 154D     		ldr	r5, .L18
 156 007c EC68     		ldr	r4, [r5, #12]
 157 007e 24EA0004 		bic	r4, r4, r0
 158 0082 EC60     		str	r4, [r5, #12]
 159 0084 DAE7     		b	.L7
 160              	.L17:
 197:Drivers/STM32F1xx_HAL_Driver/Src/stm32f1xx_hal_exti.c ****       assert_param(IS_EXTI_GPIO_PIN(linepos));
 161              		.loc 1 197 7 is_stmt 1 view .LVU48
 198:Drivers/STM32F1xx_HAL_Driver/Src/stm32f1xx_hal_exti.c ****       
 162              		.loc 1 198 7 view .LVU49
 200:Drivers/STM32F1xx_HAL_Driver/Src/stm32f1xx_hal_exti.c ****       regval &= ~(AFIO_EXTICR1_EXTI0 << (AFIO_EXTICR1_EXTI1_Pos * (linepos & 0x03u)));
ARM GAS  /tmp/ccpgWsXu.s 			page 8


 163              		.loc 1 200 7 view .LVU50
 200:Drivers/STM32F1xx_HAL_Driver/Src/stm32f1xx_hal_exti.c ****       regval &= ~(AFIO_EXTICR1_EXTI0 << (AFIO_EXTICR1_EXTI1_Pos * (linepos & 0x03u)));
 164              		.loc 1 200 37 is_stmt 0 view .LVU51
 165 0086 9208     		lsrs	r2, r2, #2
 166              	.LVL7:
 200:Drivers/STM32F1xx_HAL_Driver/Src/stm32f1xx_hal_exti.c ****       regval &= ~(AFIO_EXTICR1_EXTI0 << (AFIO_EXTICR1_EXTI1_Pos * (linepos & 0x03u)));
 167              		.loc 1 200 14 view .LVU52
 168 0088 124E     		ldr	r6, .L18+4
 169 008a 0232     		adds	r2, r2, #2
 170 008c 56F82240 		ldr	r4, [r6, r2, lsl #2]
 171              	.LVL8:
 201:Drivers/STM32F1xx_HAL_Driver/Src/stm32f1xx_hal_exti.c ****       regval |= (pExtiConfig->GPIOSel << (AFIO_EXTICR1_EXTI1_Pos * (linepos & 0x03u)));
 172              		.loc 1 201 7 is_stmt 1 view .LVU53
 201:Drivers/STM32F1xx_HAL_Driver/Src/stm32f1xx_hal_exti.c ****       regval |= (pExtiConfig->GPIOSel << (AFIO_EXTICR1_EXTI1_Pos * (linepos & 0x03u)));
 173              		.loc 1 201 76 is_stmt 0 view .LVU54
 174 0090 03F00303 		and	r3, r3, #3
 175              	.LVL9:
 201:Drivers/STM32F1xx_HAL_Driver/Src/stm32f1xx_hal_exti.c ****       regval |= (pExtiConfig->GPIOSel << (AFIO_EXTICR1_EXTI1_Pos * (linepos & 0x03u)));
 176              		.loc 1 201 65 view .LVU55
 177 0094 9B00     		lsls	r3, r3, #2
 201:Drivers/STM32F1xx_HAL_Driver/Src/stm32f1xx_hal_exti.c ****       regval |= (pExtiConfig->GPIOSel << (AFIO_EXTICR1_EXTI1_Pos * (linepos & 0x03u)));
 178              		.loc 1 201 38 view .LVU56
 179 0096 0F25     		movs	r5, #15
 180 0098 9D40     		lsls	r5, r5, r3
 201:Drivers/STM32F1xx_HAL_Driver/Src/stm32f1xx_hal_exti.c ****       regval |= (pExtiConfig->GPIOSel << (AFIO_EXTICR1_EXTI1_Pos * (linepos & 0x03u)));
 181              		.loc 1 201 14 view .LVU57
 182 009a 24EA0504 		bic	r4, r4, r5
 183              	.LVL10:
 202:Drivers/STM32F1xx_HAL_Driver/Src/stm32f1xx_hal_exti.c ****       AFIO->EXTICR[linepos >> 2u] = regval;
 184              		.loc 1 202 7 is_stmt 1 view .LVU58
 202:Drivers/STM32F1xx_HAL_Driver/Src/stm32f1xx_hal_exti.c ****       AFIO->EXTICR[linepos >> 2u] = regval;
 185              		.loc 1 202 39 is_stmt 0 view .LVU59
 186 009e CD68     		ldr	r5, [r1, #12]
 187 00a0 05FA03F3 		lsl	r3, r5, r3
 202:Drivers/STM32F1xx_HAL_Driver/Src/stm32f1xx_hal_exti.c ****       AFIO->EXTICR[linepos >> 2u] = regval;
 188              		.loc 1 202 14 view .LVU60
 189 00a4 2343     		orrs	r3, r3, r4
 190              	.LVL11:
 203:Drivers/STM32F1xx_HAL_Driver/Src/stm32f1xx_hal_exti.c ****     }
 191              		.loc 1 203 7 is_stmt 1 view .LVU61
 203:Drivers/STM32F1xx_HAL_Driver/Src/stm32f1xx_hal_exti.c ****     }
 192              		.loc 1 203 35 is_stmt 0 view .LVU62
 193 00a6 46F82230 		str	r3, [r6, r2, lsl #2]
 194 00aa CDE7     		b	.L3
 195              	.LVL12:
 196              	.L8:
 215:Drivers/STM32F1xx_HAL_Driver/Src/stm32f1xx_hal_exti.c ****   }
 197              		.loc 1 215 5 is_stmt 1 view .LVU63
 215:Drivers/STM32F1xx_HAL_Driver/Src/stm32f1xx_hal_exti.c ****   }
 198              		.loc 1 215 15 is_stmt 0 view .LVU64
 199 00ac 084A     		ldr	r2, .L18
 200 00ae 1368     		ldr	r3, [r2]
 201 00b0 23EA0003 		bic	r3, r3, r0
 202 00b4 1360     		str	r3, [r2]
 203 00b6 CFE7     		b	.L9
 204              	.L10:
 226:Drivers/STM32F1xx_HAL_Driver/Src/stm32f1xx_hal_exti.c ****   }
ARM GAS  /tmp/ccpgWsXu.s 			page 9


 205              		.loc 1 226 5 is_stmt 1 view .LVU65
 226:Drivers/STM32F1xx_HAL_Driver/Src/stm32f1xx_hal_exti.c ****   }
 206              		.loc 1 226 15 is_stmt 0 view .LVU66
 207 00b8 054A     		ldr	r2, .L18
 208 00ba 5368     		ldr	r3, [r2, #4]
 209 00bc 23EA0003 		bic	r3, r3, r0
 210 00c0 5360     		str	r3, [r2, #4]
 229:Drivers/STM32F1xx_HAL_Driver/Src/stm32f1xx_hal_exti.c **** }
 211              		.loc 1 229 10 view .LVU67
 212 00c2 0020     		movs	r0, #0
 213              	.LVL13:
 229:Drivers/STM32F1xx_HAL_Driver/Src/stm32f1xx_hal_exti.c **** }
 214              		.loc 1 229 10 view .LVU68
 215 00c4 D1E7     		b	.L2
 216              	.LVL14:
 217              	.L11:
 218              		.cfi_def_cfa_offset 0
 219              		.cfi_restore 4
 220              		.cfi_restore 5
 221              		.cfi_restore 6
 152:Drivers/STM32F1xx_HAL_Driver/Src/stm32f1xx_hal_exti.c ****   }
 222              		.loc 1 152 12 view .LVU69
 223 00c6 0120     		movs	r0, #1
 224              	.LVL15:
 152:Drivers/STM32F1xx_HAL_Driver/Src/stm32f1xx_hal_exti.c ****   }
 225              		.loc 1 152 12 view .LVU70
 226 00c8 7047     		bx	lr
 227              	.LVL16:
 228              	.L12:
 152:Drivers/STM32F1xx_HAL_Driver/Src/stm32f1xx_hal_exti.c ****   }
 229              		.loc 1 152 12 view .LVU71
 230 00ca 0120     		movs	r0, #1
 231              	.LVL17:
 232              		.loc 1 230 1 view .LVU72
 233 00cc 7047     		bx	lr
 234              	.L19:
 235 00ce 00BF     		.align	2
 236              	.L18:
 237 00d0 00040140 		.word	1073808384
 238 00d4 00000140 		.word	1073807360
 239              		.cfi_endproc
 240              	.LFE65:
 242              		.section	.text.HAL_EXTI_GetConfigLine,"ax",%progbits
 243              		.align	1
 244              		.global	HAL_EXTI_GetConfigLine
 245              		.syntax unified
 246              		.thumb
 247              		.thumb_func
 249              	HAL_EXTI_GetConfigLine:
 250              	.LVL18:
 251              	.LFB66:
 231:Drivers/STM32F1xx_HAL_Driver/Src/stm32f1xx_hal_exti.c **** 
 232:Drivers/STM32F1xx_HAL_Driver/Src/stm32f1xx_hal_exti.c **** /**
 233:Drivers/STM32F1xx_HAL_Driver/Src/stm32f1xx_hal_exti.c ****   * @brief  Get configuration of a dedicated Exti line.
 234:Drivers/STM32F1xx_HAL_Driver/Src/stm32f1xx_hal_exti.c ****   * @param  hexti Exti handle.
 235:Drivers/STM32F1xx_HAL_Driver/Src/stm32f1xx_hal_exti.c ****   * @param  pExtiConfig Pointer on structure to store Exti configuration.
 236:Drivers/STM32F1xx_HAL_Driver/Src/stm32f1xx_hal_exti.c ****   * @retval HAL Status.
ARM GAS  /tmp/ccpgWsXu.s 			page 10


 237:Drivers/STM32F1xx_HAL_Driver/Src/stm32f1xx_hal_exti.c ****   */
 238:Drivers/STM32F1xx_HAL_Driver/Src/stm32f1xx_hal_exti.c **** HAL_StatusTypeDef HAL_EXTI_GetConfigLine(EXTI_HandleTypeDef *hexti, EXTI_ConfigTypeDef *pExtiConfig
 239:Drivers/STM32F1xx_HAL_Driver/Src/stm32f1xx_hal_exti.c **** {
 252              		.loc 1 239 1 is_stmt 1 view -0
 253              		.cfi_startproc
 254              		@ args = 0, pretend = 0, frame = 0
 255              		@ frame_needed = 0, uses_anonymous_args = 0
 256              		@ link register save eliminated.
 240:Drivers/STM32F1xx_HAL_Driver/Src/stm32f1xx_hal_exti.c ****   uint32_t regval;
 257              		.loc 1 240 3 view .LVU74
 241:Drivers/STM32F1xx_HAL_Driver/Src/stm32f1xx_hal_exti.c ****   uint32_t linepos;
 258              		.loc 1 241 3 view .LVU75
 242:Drivers/STM32F1xx_HAL_Driver/Src/stm32f1xx_hal_exti.c ****   uint32_t maskline;
 259              		.loc 1 242 3 view .LVU76
 243:Drivers/STM32F1xx_HAL_Driver/Src/stm32f1xx_hal_exti.c **** 
 244:Drivers/STM32F1xx_HAL_Driver/Src/stm32f1xx_hal_exti.c ****   /* Check null pointer */
 245:Drivers/STM32F1xx_HAL_Driver/Src/stm32f1xx_hal_exti.c ****   if ((hexti == NULL) || (pExtiConfig == NULL))
 260              		.loc 1 245 3 view .LVU77
 261              		.loc 1 245 6 is_stmt 0 view .LVU78
 262 0000 0028     		cmp	r0, #0
 263 0002 4AD0     		beq	.L30
 264              		.loc 1 245 23 discriminator 1 view .LVU79
 265 0004 0029     		cmp	r1, #0
 266 0006 4AD0     		beq	.L31
 246:Drivers/STM32F1xx_HAL_Driver/Src/stm32f1xx_hal_exti.c ****   {
 247:Drivers/STM32F1xx_HAL_Driver/Src/stm32f1xx_hal_exti.c ****     return HAL_ERROR;
 248:Drivers/STM32F1xx_HAL_Driver/Src/stm32f1xx_hal_exti.c ****   }
 249:Drivers/STM32F1xx_HAL_Driver/Src/stm32f1xx_hal_exti.c **** 
 250:Drivers/STM32F1xx_HAL_Driver/Src/stm32f1xx_hal_exti.c ****   /* Check the parameter */
 251:Drivers/STM32F1xx_HAL_Driver/Src/stm32f1xx_hal_exti.c ****   assert_param(IS_EXTI_LINE(hexti->Line));
 267              		.loc 1 251 3 is_stmt 1 view .LVU80
 252:Drivers/STM32F1xx_HAL_Driver/Src/stm32f1xx_hal_exti.c **** 
 253:Drivers/STM32F1xx_HAL_Driver/Src/stm32f1xx_hal_exti.c ****   /* Store handle line number to configuration structure */
 254:Drivers/STM32F1xx_HAL_Driver/Src/stm32f1xx_hal_exti.c ****   pExtiConfig->Line = hexti->Line;
 268              		.loc 1 254 3 view .LVU81
 269              		.loc 1 254 28 is_stmt 0 view .LVU82
 270 0008 0068     		ldr	r0, [r0]
 271              	.LVL19:
 272              		.loc 1 254 21 view .LVU83
 273 000a 0860     		str	r0, [r1]
 255:Drivers/STM32F1xx_HAL_Driver/Src/stm32f1xx_hal_exti.c **** 
 256:Drivers/STM32F1xx_HAL_Driver/Src/stm32f1xx_hal_exti.c ****   /* Compute line mask */
 257:Drivers/STM32F1xx_HAL_Driver/Src/stm32f1xx_hal_exti.c ****   linepos = (pExtiConfig->Line & EXTI_PIN_MASK);
 274              		.loc 1 257 3 is_stmt 1 view .LVU84
 275              		.loc 1 257 11 is_stmt 0 view .LVU85
 276 000c 00F01F0C 		and	ip, r0, #31
 277              	.LVL20:
 258:Drivers/STM32F1xx_HAL_Driver/Src/stm32f1xx_hal_exti.c ****   maskline = (1uL << linepos);
 278              		.loc 1 258 3 is_stmt 1 view .LVU86
 279              		.loc 1 258 12 is_stmt 0 view .LVU87
 280 0010 0123     		movs	r3, #1
 281 0012 03FA0CF3 		lsl	r3, r3, ip
 282              	.LVL21:
 259:Drivers/STM32F1xx_HAL_Driver/Src/stm32f1xx_hal_exti.c **** 
 260:Drivers/STM32F1xx_HAL_Driver/Src/stm32f1xx_hal_exti.c ****   /* 1] Get core mode : interrupt */
 261:Drivers/STM32F1xx_HAL_Driver/Src/stm32f1xx_hal_exti.c **** 
 262:Drivers/STM32F1xx_HAL_Driver/Src/stm32f1xx_hal_exti.c ****   /* Check if selected line is enable */
ARM GAS  /tmp/ccpgWsXu.s 			page 11


 263:Drivers/STM32F1xx_HAL_Driver/Src/stm32f1xx_hal_exti.c ****   if ((EXTI->IMR & maskline) != 0x00u)
 283              		.loc 1 263 3 is_stmt 1 view .LVU88
 284              		.loc 1 263 12 is_stmt 0 view .LVU89
 285 0016 234A     		ldr	r2, .L33
 286 0018 1268     		ldr	r2, [r2]
 287              		.loc 1 263 6 view .LVU90
 288 001a 1A42     		tst	r2, r3
 289 001c 22D0     		beq	.L22
 264:Drivers/STM32F1xx_HAL_Driver/Src/stm32f1xx_hal_exti.c ****   {
 265:Drivers/STM32F1xx_HAL_Driver/Src/stm32f1xx_hal_exti.c ****     pExtiConfig->Mode = EXTI_MODE_INTERRUPT;
 290              		.loc 1 265 5 is_stmt 1 view .LVU91
 291              		.loc 1 265 23 is_stmt 0 view .LVU92
 292 001e 0122     		movs	r2, #1
 293 0020 4A60     		str	r2, [r1, #4]
 294              	.L23:
 266:Drivers/STM32F1xx_HAL_Driver/Src/stm32f1xx_hal_exti.c ****   }
 267:Drivers/STM32F1xx_HAL_Driver/Src/stm32f1xx_hal_exti.c ****   else
 268:Drivers/STM32F1xx_HAL_Driver/Src/stm32f1xx_hal_exti.c ****   {
 269:Drivers/STM32F1xx_HAL_Driver/Src/stm32f1xx_hal_exti.c ****     pExtiConfig->Mode = EXTI_MODE_NONE;
 270:Drivers/STM32F1xx_HAL_Driver/Src/stm32f1xx_hal_exti.c ****   }
 271:Drivers/STM32F1xx_HAL_Driver/Src/stm32f1xx_hal_exti.c **** 
 272:Drivers/STM32F1xx_HAL_Driver/Src/stm32f1xx_hal_exti.c ****   /* Get event mode */
 273:Drivers/STM32F1xx_HAL_Driver/Src/stm32f1xx_hal_exti.c ****   /* Check if selected line is enable */
 274:Drivers/STM32F1xx_HAL_Driver/Src/stm32f1xx_hal_exti.c ****   if ((EXTI->EMR & maskline) != 0x00u)
 295              		.loc 1 274 3 is_stmt 1 view .LVU93
 296              		.loc 1 274 12 is_stmt 0 view .LVU94
 297 0022 204A     		ldr	r2, .L33
 298 0024 5268     		ldr	r2, [r2, #4]
 299              		.loc 1 274 6 view .LVU95
 300 0026 1A42     		tst	r2, r3
 301 0028 03D0     		beq	.L24
 275:Drivers/STM32F1xx_HAL_Driver/Src/stm32f1xx_hal_exti.c ****   {
 276:Drivers/STM32F1xx_HAL_Driver/Src/stm32f1xx_hal_exti.c ****     pExtiConfig->Mode |= EXTI_MODE_EVENT;
 302              		.loc 1 276 5 is_stmt 1 view .LVU96
 303              		.loc 1 276 23 is_stmt 0 view .LVU97
 304 002a 4A68     		ldr	r2, [r1, #4]
 305 002c 42F00202 		orr	r2, r2, #2
 306 0030 4A60     		str	r2, [r1, #4]
 307              	.L24:
 277:Drivers/STM32F1xx_HAL_Driver/Src/stm32f1xx_hal_exti.c ****   }
 278:Drivers/STM32F1xx_HAL_Driver/Src/stm32f1xx_hal_exti.c **** 
 279:Drivers/STM32F1xx_HAL_Driver/Src/stm32f1xx_hal_exti.c ****   /* 2] Get trigger for configurable lines : rising */
 280:Drivers/STM32F1xx_HAL_Driver/Src/stm32f1xx_hal_exti.c ****   if ((pExtiConfig->Line & EXTI_CONFIG) != 0x00u)
 308              		.loc 1 280 3 is_stmt 1 view .LVU98
 309              		.loc 1 280 6 is_stmt 0 view .LVU99
 310 0032 10F0007F 		tst	r0, #33554432
 311 0036 2CD0     		beq	.L25
 281:Drivers/STM32F1xx_HAL_Driver/Src/stm32f1xx_hal_exti.c ****   {
 282:Drivers/STM32F1xx_HAL_Driver/Src/stm32f1xx_hal_exti.c ****     /* Check if configuration of selected line is enable */
 283:Drivers/STM32F1xx_HAL_Driver/Src/stm32f1xx_hal_exti.c ****     if ((EXTI->RTSR & maskline) != 0x00u)
 312              		.loc 1 283 5 is_stmt 1 view .LVU100
 313              		.loc 1 283 14 is_stmt 0 view .LVU101
 314 0038 1A4A     		ldr	r2, .L33
 315 003a 9268     		ldr	r2, [r2, #8]
 316              		.loc 1 283 8 view .LVU102
 317 003c 1A42     		tst	r2, r3
 318 003e 14D0     		beq	.L26
ARM GAS  /tmp/ccpgWsXu.s 			page 12


 284:Drivers/STM32F1xx_HAL_Driver/Src/stm32f1xx_hal_exti.c ****     {
 285:Drivers/STM32F1xx_HAL_Driver/Src/stm32f1xx_hal_exti.c ****       pExtiConfig->Trigger = EXTI_TRIGGER_RISING;
 319              		.loc 1 285 7 is_stmt 1 view .LVU103
 320              		.loc 1 285 28 is_stmt 0 view .LVU104
 321 0040 0122     		movs	r2, #1
 322 0042 8A60     		str	r2, [r1, #8]
 323              	.L27:
 286:Drivers/STM32F1xx_HAL_Driver/Src/stm32f1xx_hal_exti.c ****     }
 287:Drivers/STM32F1xx_HAL_Driver/Src/stm32f1xx_hal_exti.c ****     else
 288:Drivers/STM32F1xx_HAL_Driver/Src/stm32f1xx_hal_exti.c ****     {
 289:Drivers/STM32F1xx_HAL_Driver/Src/stm32f1xx_hal_exti.c ****       pExtiConfig->Trigger = EXTI_TRIGGER_NONE;
 290:Drivers/STM32F1xx_HAL_Driver/Src/stm32f1xx_hal_exti.c ****     }
 291:Drivers/STM32F1xx_HAL_Driver/Src/stm32f1xx_hal_exti.c **** 
 292:Drivers/STM32F1xx_HAL_Driver/Src/stm32f1xx_hal_exti.c ****     /* Get falling configuration */
 293:Drivers/STM32F1xx_HAL_Driver/Src/stm32f1xx_hal_exti.c ****     /* Check if configuration of selected line is enable */
 294:Drivers/STM32F1xx_HAL_Driver/Src/stm32f1xx_hal_exti.c ****     if ((EXTI->FTSR & maskline) != 0x00u)
 324              		.loc 1 294 5 is_stmt 1 view .LVU105
 325              		.loc 1 294 14 is_stmt 0 view .LVU106
 326 0044 174A     		ldr	r2, .L33
 327 0046 D268     		ldr	r2, [r2, #12]
 328              		.loc 1 294 8 view .LVU107
 329 0048 1A42     		tst	r2, r3
 330 004a 03D0     		beq	.L28
 295:Drivers/STM32F1xx_HAL_Driver/Src/stm32f1xx_hal_exti.c ****     {
 296:Drivers/STM32F1xx_HAL_Driver/Src/stm32f1xx_hal_exti.c ****       pExtiConfig->Trigger |= EXTI_TRIGGER_FALLING;
 331              		.loc 1 296 7 is_stmt 1 view .LVU108
 332              		.loc 1 296 28 is_stmt 0 view .LVU109
 333 004c 8B68     		ldr	r3, [r1, #8]
 334              	.LVL22:
 335              		.loc 1 296 28 view .LVU110
 336 004e 43F00203 		orr	r3, r3, #2
 337 0052 8B60     		str	r3, [r1, #8]
 338              	.L28:
 297:Drivers/STM32F1xx_HAL_Driver/Src/stm32f1xx_hal_exti.c ****     }
 298:Drivers/STM32F1xx_HAL_Driver/Src/stm32f1xx_hal_exti.c **** 
 299:Drivers/STM32F1xx_HAL_Driver/Src/stm32f1xx_hal_exti.c ****     /* Get Gpio port selection for gpio lines */
 300:Drivers/STM32F1xx_HAL_Driver/Src/stm32f1xx_hal_exti.c ****     if ((pExtiConfig->Line & EXTI_GPIO) == EXTI_GPIO)
 339              		.loc 1 300 5 is_stmt 1 view .LVU111
 340              		.loc 1 300 28 is_stmt 0 view .LVU112
 341 0054 00F0C063 		and	r3, r0, #100663296
 342              		.loc 1 300 8 view .LVU113
 343 0058 B3F1C06F 		cmp	r3, #100663296
 344 005c 08D0     		beq	.L32
 301:Drivers/STM32F1xx_HAL_Driver/Src/stm32f1xx_hal_exti.c ****     {
 302:Drivers/STM32F1xx_HAL_Driver/Src/stm32f1xx_hal_exti.c ****       assert_param(IS_EXTI_GPIO_PIN(linepos));
 303:Drivers/STM32F1xx_HAL_Driver/Src/stm32f1xx_hal_exti.c **** 
 304:Drivers/STM32F1xx_HAL_Driver/Src/stm32f1xx_hal_exti.c ****       regval = AFIO->EXTICR[linepos >> 2u];
 305:Drivers/STM32F1xx_HAL_Driver/Src/stm32f1xx_hal_exti.c ****       pExtiConfig->GPIOSel = ((regval << (AFIO_EXTICR1_EXTI1_Pos * (3uL - (linepos & 0x03u)))) >> 2
 306:Drivers/STM32F1xx_HAL_Driver/Src/stm32f1xx_hal_exti.c ****     }
 307:Drivers/STM32F1xx_HAL_Driver/Src/stm32f1xx_hal_exti.c ****     else
 308:Drivers/STM32F1xx_HAL_Driver/Src/stm32f1xx_hal_exti.c ****     {
 309:Drivers/STM32F1xx_HAL_Driver/Src/stm32f1xx_hal_exti.c ****       pExtiConfig->GPIOSel = 0x00u;
 345              		.loc 1 309 7 is_stmt 1 view .LVU114
 346              		.loc 1 309 28 is_stmt 0 view .LVU115
 347 005e 0020     		movs	r0, #0
 348 0060 C860     		str	r0, [r1, #12]
 349 0062 7047     		bx	lr
ARM GAS  /tmp/ccpgWsXu.s 			page 13


 350              	.LVL23:
 351              	.L22:
 269:Drivers/STM32F1xx_HAL_Driver/Src/stm32f1xx_hal_exti.c ****   }
 352              		.loc 1 269 5 is_stmt 1 view .LVU116
 269:Drivers/STM32F1xx_HAL_Driver/Src/stm32f1xx_hal_exti.c ****   }
 353              		.loc 1 269 23 is_stmt 0 view .LVU117
 354 0064 0022     		movs	r2, #0
 355 0066 4A60     		str	r2, [r1, #4]
 356 0068 DBE7     		b	.L23
 357              	.L26:
 289:Drivers/STM32F1xx_HAL_Driver/Src/stm32f1xx_hal_exti.c ****     }
 358              		.loc 1 289 7 is_stmt 1 view .LVU118
 289:Drivers/STM32F1xx_HAL_Driver/Src/stm32f1xx_hal_exti.c ****     }
 359              		.loc 1 289 28 is_stmt 0 view .LVU119
 360 006a 0022     		movs	r2, #0
 361 006c 8A60     		str	r2, [r1, #8]
 362 006e E9E7     		b	.L27
 363              	.LVL24:
 364              	.L32:
 302:Drivers/STM32F1xx_HAL_Driver/Src/stm32f1xx_hal_exti.c **** 
 365              		.loc 1 302 7 is_stmt 1 view .LVU120
 304:Drivers/STM32F1xx_HAL_Driver/Src/stm32f1xx_hal_exti.c ****       pExtiConfig->GPIOSel = ((regval << (AFIO_EXTICR1_EXTI1_Pos * (3uL - (linepos & 0x03u)))) >> 2
 366              		.loc 1 304 7 view .LVU121
 304:Drivers/STM32F1xx_HAL_Driver/Src/stm32f1xx_hal_exti.c ****       pExtiConfig->GPIOSel = ((regval << (AFIO_EXTICR1_EXTI1_Pos * (3uL - (linepos & 0x03u)))) >> 2
 367              		.loc 1 304 37 is_stmt 0 view .LVU122
 368 0070 4FEA9C03 		lsr	r3, ip, #2
 304:Drivers/STM32F1xx_HAL_Driver/Src/stm32f1xx_hal_exti.c ****       pExtiConfig->GPIOSel = ((regval << (AFIO_EXTICR1_EXTI1_Pos * (3uL - (linepos & 0x03u)))) >> 2
 369              		.loc 1 304 14 view .LVU123
 370 0074 0233     		adds	r3, r3, #2
 371 0076 0C4A     		ldr	r2, .L33+4
 372 0078 52F82320 		ldr	r2, [r2, r3, lsl #2]
 373              	.LVL25:
 305:Drivers/STM32F1xx_HAL_Driver/Src/stm32f1xx_hal_exti.c ****     }
 374              		.loc 1 305 7 is_stmt 1 view .LVU124
 305:Drivers/STM32F1xx_HAL_Driver/Src/stm32f1xx_hal_exti.c ****     }
 375              		.loc 1 305 73 is_stmt 0 view .LVU125
 376 007c 6FEA0C03 		mvn	r3, ip
 377 0080 03F00303 		and	r3, r3, #3
 305:Drivers/STM32F1xx_HAL_Driver/Src/stm32f1xx_hal_exti.c ****     }
 378              		.loc 1 305 66 view .LVU126
 379 0084 9B00     		lsls	r3, r3, #2
 305:Drivers/STM32F1xx_HAL_Driver/Src/stm32f1xx_hal_exti.c ****     }
 380              		.loc 1 305 39 view .LVU127
 381 0086 02FA03F3 		lsl	r3, r2, r3
 305:Drivers/STM32F1xx_HAL_Driver/Src/stm32f1xx_hal_exti.c ****     }
 382              		.loc 1 305 96 view .LVU128
 383 008a 1B0E     		lsrs	r3, r3, #24
 305:Drivers/STM32F1xx_HAL_Driver/Src/stm32f1xx_hal_exti.c ****     }
 384              		.loc 1 305 28 view .LVU129
 385 008c CB60     		str	r3, [r1, #12]
 310:Drivers/STM32F1xx_HAL_Driver/Src/stm32f1xx_hal_exti.c ****     }
 311:Drivers/STM32F1xx_HAL_Driver/Src/stm32f1xx_hal_exti.c ****   }
 312:Drivers/STM32F1xx_HAL_Driver/Src/stm32f1xx_hal_exti.c ****   else
 313:Drivers/STM32F1xx_HAL_Driver/Src/stm32f1xx_hal_exti.c ****   {
 314:Drivers/STM32F1xx_HAL_Driver/Src/stm32f1xx_hal_exti.c ****     /* No Trigger selected */
 315:Drivers/STM32F1xx_HAL_Driver/Src/stm32f1xx_hal_exti.c ****     pExtiConfig->Trigger = EXTI_TRIGGER_NONE;
 316:Drivers/STM32F1xx_HAL_Driver/Src/stm32f1xx_hal_exti.c ****     pExtiConfig->GPIOSel = 0x00u;
ARM GAS  /tmp/ccpgWsXu.s 			page 14


 317:Drivers/STM32F1xx_HAL_Driver/Src/stm32f1xx_hal_exti.c ****   }
 318:Drivers/STM32F1xx_HAL_Driver/Src/stm32f1xx_hal_exti.c **** 
 319:Drivers/STM32F1xx_HAL_Driver/Src/stm32f1xx_hal_exti.c ****   return HAL_OK;
 386              		.loc 1 319 10 view .LVU130
 387 008e 0020     		movs	r0, #0
 388 0090 7047     		bx	lr
 389              	.LVL26:
 390              	.L25:
 315:Drivers/STM32F1xx_HAL_Driver/Src/stm32f1xx_hal_exti.c ****     pExtiConfig->GPIOSel = 0x00u;
 391              		.loc 1 315 5 is_stmt 1 view .LVU131
 315:Drivers/STM32F1xx_HAL_Driver/Src/stm32f1xx_hal_exti.c ****     pExtiConfig->GPIOSel = 0x00u;
 392              		.loc 1 315 26 is_stmt 0 view .LVU132
 393 0092 0020     		movs	r0, #0
 394 0094 8860     		str	r0, [r1, #8]
 316:Drivers/STM32F1xx_HAL_Driver/Src/stm32f1xx_hal_exti.c ****   }
 395              		.loc 1 316 5 is_stmt 1 view .LVU133
 316:Drivers/STM32F1xx_HAL_Driver/Src/stm32f1xx_hal_exti.c ****   }
 396              		.loc 1 316 26 is_stmt 0 view .LVU134
 397 0096 C860     		str	r0, [r1, #12]
 398 0098 7047     		bx	lr
 399              	.LVL27:
 400              	.L30:
 247:Drivers/STM32F1xx_HAL_Driver/Src/stm32f1xx_hal_exti.c ****   }
 401              		.loc 1 247 12 view .LVU135
 402 009a 0120     		movs	r0, #1
 403              	.LVL28:
 247:Drivers/STM32F1xx_HAL_Driver/Src/stm32f1xx_hal_exti.c ****   }
 404              		.loc 1 247 12 view .LVU136
 405 009c 7047     		bx	lr
 406              	.LVL29:
 407              	.L31:
 247:Drivers/STM32F1xx_HAL_Driver/Src/stm32f1xx_hal_exti.c ****   }
 408              		.loc 1 247 12 view .LVU137
 409 009e 0120     		movs	r0, #1
 410              	.LVL30:
 320:Drivers/STM32F1xx_HAL_Driver/Src/stm32f1xx_hal_exti.c **** }
 411              		.loc 1 320 1 view .LVU138
 412 00a0 7047     		bx	lr
 413              	.L34:
 414 00a2 00BF     		.align	2
 415              	.L33:
 416 00a4 00040140 		.word	1073808384
 417 00a8 00000140 		.word	1073807360
 418              		.cfi_endproc
 419              	.LFE66:
 421              		.section	.text.HAL_EXTI_ClearConfigLine,"ax",%progbits
 422              		.align	1
 423              		.global	HAL_EXTI_ClearConfigLine
 424              		.syntax unified
 425              		.thumb
 426              		.thumb_func
 428              	HAL_EXTI_ClearConfigLine:
 429              	.LVL31:
 430              	.LFB67:
 321:Drivers/STM32F1xx_HAL_Driver/Src/stm32f1xx_hal_exti.c **** 
 322:Drivers/STM32F1xx_HAL_Driver/Src/stm32f1xx_hal_exti.c **** /**
 323:Drivers/STM32F1xx_HAL_Driver/Src/stm32f1xx_hal_exti.c ****   * @brief  Clear whole configuration of a dedicated Exti line.
ARM GAS  /tmp/ccpgWsXu.s 			page 15


 324:Drivers/STM32F1xx_HAL_Driver/Src/stm32f1xx_hal_exti.c ****   * @param  hexti Exti handle.
 325:Drivers/STM32F1xx_HAL_Driver/Src/stm32f1xx_hal_exti.c ****   * @retval HAL Status.
 326:Drivers/STM32F1xx_HAL_Driver/Src/stm32f1xx_hal_exti.c ****   */
 327:Drivers/STM32F1xx_HAL_Driver/Src/stm32f1xx_hal_exti.c **** HAL_StatusTypeDef HAL_EXTI_ClearConfigLine(EXTI_HandleTypeDef *hexti)
 328:Drivers/STM32F1xx_HAL_Driver/Src/stm32f1xx_hal_exti.c **** {
 431              		.loc 1 328 1 is_stmt 1 view -0
 432              		.cfi_startproc
 433              		@ args = 0, pretend = 0, frame = 0
 434              		@ frame_needed = 0, uses_anonymous_args = 0
 329:Drivers/STM32F1xx_HAL_Driver/Src/stm32f1xx_hal_exti.c ****   uint32_t regval;
 435              		.loc 1 329 3 view .LVU140
 330:Drivers/STM32F1xx_HAL_Driver/Src/stm32f1xx_hal_exti.c ****   uint32_t linepos;
 436              		.loc 1 330 3 view .LVU141
 331:Drivers/STM32F1xx_HAL_Driver/Src/stm32f1xx_hal_exti.c ****   uint32_t maskline;
 437              		.loc 1 331 3 view .LVU142
 332:Drivers/STM32F1xx_HAL_Driver/Src/stm32f1xx_hal_exti.c **** 
 333:Drivers/STM32F1xx_HAL_Driver/Src/stm32f1xx_hal_exti.c ****   /* Check null pointer */
 334:Drivers/STM32F1xx_HAL_Driver/Src/stm32f1xx_hal_exti.c ****   if (hexti == NULL)
 438              		.loc 1 334 3 view .LVU143
 439              		.loc 1 334 6 is_stmt 0 view .LVU144
 440 0000 0028     		cmp	r0, #0
 441 0002 37D0     		beq	.L37
 328:Drivers/STM32F1xx_HAL_Driver/Src/stm32f1xx_hal_exti.c ****   uint32_t regval;
 442              		.loc 1 328 1 view .LVU145
 443 0004 10B5     		push	{r4, lr}
 444              		.cfi_def_cfa_offset 8
 445              		.cfi_offset 4, -8
 446              		.cfi_offset 14, -4
 447 0006 8446     		mov	ip, r0
 335:Drivers/STM32F1xx_HAL_Driver/Src/stm32f1xx_hal_exti.c ****   {
 336:Drivers/STM32F1xx_HAL_Driver/Src/stm32f1xx_hal_exti.c ****     return HAL_ERROR;
 337:Drivers/STM32F1xx_HAL_Driver/Src/stm32f1xx_hal_exti.c ****   }
 338:Drivers/STM32F1xx_HAL_Driver/Src/stm32f1xx_hal_exti.c **** 
 339:Drivers/STM32F1xx_HAL_Driver/Src/stm32f1xx_hal_exti.c ****   /* Check the parameter */
 340:Drivers/STM32F1xx_HAL_Driver/Src/stm32f1xx_hal_exti.c ****   assert_param(IS_EXTI_LINE(hexti->Line));
 448              		.loc 1 340 3 is_stmt 1 view .LVU146
 341:Drivers/STM32F1xx_HAL_Driver/Src/stm32f1xx_hal_exti.c **** 
 342:Drivers/STM32F1xx_HAL_Driver/Src/stm32f1xx_hal_exti.c ****   /* compute line mask */
 343:Drivers/STM32F1xx_HAL_Driver/Src/stm32f1xx_hal_exti.c ****   linepos = (hexti->Line & EXTI_PIN_MASK);
 449              		.loc 1 343 3 view .LVU147
 450              		.loc 1 343 19 is_stmt 0 view .LVU148
 451 0008 0468     		ldr	r4, [r0]
 452              		.loc 1 343 11 view .LVU149
 453 000a 04F01F00 		and	r0, r4, #31
 454              	.LVL32:
 344:Drivers/STM32F1xx_HAL_Driver/Src/stm32f1xx_hal_exti.c ****   maskline = (1uL << linepos);
 455              		.loc 1 344 3 is_stmt 1 view .LVU150
 456              		.loc 1 344 12 is_stmt 0 view .LVU151
 457 000e 0123     		movs	r3, #1
 458 0010 8340     		lsls	r3, r3, r0
 459              	.LVL33:
 345:Drivers/STM32F1xx_HAL_Driver/Src/stm32f1xx_hal_exti.c **** 
 346:Drivers/STM32F1xx_HAL_Driver/Src/stm32f1xx_hal_exti.c ****   /* 1] Clear interrupt mode */
 347:Drivers/STM32F1xx_HAL_Driver/Src/stm32f1xx_hal_exti.c ****   EXTI->IMR = (EXTI->IMR & ~maskline);
 460              		.loc 1 347 3 is_stmt 1 view .LVU152
 461              		.loc 1 347 20 is_stmt 0 view .LVU153
 462 0012 1A4A     		ldr	r2, .L45
ARM GAS  /tmp/ccpgWsXu.s 			page 16


 463 0014 1168     		ldr	r1, [r2]
 464              		.loc 1 347 28 view .LVU154
 465 0016 6FEA030E 		mvn	lr, r3
 466              		.loc 1 347 26 view .LVU155
 467 001a 21EA0301 		bic	r1, r1, r3
 468              		.loc 1 347 13 view .LVU156
 469 001e 1160     		str	r1, [r2]
 348:Drivers/STM32F1xx_HAL_Driver/Src/stm32f1xx_hal_exti.c **** 
 349:Drivers/STM32F1xx_HAL_Driver/Src/stm32f1xx_hal_exti.c ****   /* 2] Clear event mode */
 350:Drivers/STM32F1xx_HAL_Driver/Src/stm32f1xx_hal_exti.c ****   EXTI->EMR = (EXTI->EMR & ~maskline);
 470              		.loc 1 350 3 is_stmt 1 view .LVU157
 471              		.loc 1 350 20 is_stmt 0 view .LVU158
 472 0020 5168     		ldr	r1, [r2, #4]
 473              		.loc 1 350 26 view .LVU159
 474 0022 21EA0303 		bic	r3, r1, r3
 475              	.LVL34:
 476              		.loc 1 350 13 view .LVU160
 477 0026 5360     		str	r3, [r2, #4]
 351:Drivers/STM32F1xx_HAL_Driver/Src/stm32f1xx_hal_exti.c **** 
 352:Drivers/STM32F1xx_HAL_Driver/Src/stm32f1xx_hal_exti.c ****   /* 3] Clear triggers in case of configurable lines */
 353:Drivers/STM32F1xx_HAL_Driver/Src/stm32f1xx_hal_exti.c ****   if ((hexti->Line & EXTI_CONFIG) != 0x00u)
 478              		.loc 1 353 3 is_stmt 1 view .LVU161
 479              		.loc 1 353 13 is_stmt 0 view .LVU162
 480 0028 DCF80030 		ldr	r3, [ip]
 481              		.loc 1 353 6 view .LVU163
 482 002c 13F0007F 		tst	r3, #33554432
 483 0030 22D0     		beq	.L38
 354:Drivers/STM32F1xx_HAL_Driver/Src/stm32f1xx_hal_exti.c ****   {
 355:Drivers/STM32F1xx_HAL_Driver/Src/stm32f1xx_hal_exti.c ****     EXTI->RTSR = (EXTI->RTSR & ~maskline);
 484              		.loc 1 355 5 is_stmt 1 view .LVU164
 485              		.loc 1 355 23 is_stmt 0 view .LVU165
 486 0032 9368     		ldr	r3, [r2, #8]
 487              		.loc 1 355 30 view .LVU166
 488 0034 0EEA0303 		and	r3, lr, r3
 489              		.loc 1 355 16 view .LVU167
 490 0038 9360     		str	r3, [r2, #8]
 356:Drivers/STM32F1xx_HAL_Driver/Src/stm32f1xx_hal_exti.c ****     EXTI->FTSR = (EXTI->FTSR & ~maskline);
 491              		.loc 1 356 5 is_stmt 1 view .LVU168
 492              		.loc 1 356 23 is_stmt 0 view .LVU169
 493 003a D368     		ldr	r3, [r2, #12]
 494              		.loc 1 356 30 view .LVU170
 495 003c 0EEA0303 		and	r3, lr, r3
 496              		.loc 1 356 16 view .LVU171
 497 0040 D360     		str	r3, [r2, #12]
 357:Drivers/STM32F1xx_HAL_Driver/Src/stm32f1xx_hal_exti.c **** 
 358:Drivers/STM32F1xx_HAL_Driver/Src/stm32f1xx_hal_exti.c ****     /* Get Gpio port selection for gpio lines */
 359:Drivers/STM32F1xx_HAL_Driver/Src/stm32f1xx_hal_exti.c ****     if ((hexti->Line & EXTI_GPIO) == EXTI_GPIO)
 498              		.loc 1 359 5 is_stmt 1 view .LVU172
 499              		.loc 1 359 15 is_stmt 0 view .LVU173
 500 0042 DCF80030 		ldr	r3, [ip]
 501              		.loc 1 359 22 view .LVU174
 502 0046 03F0C063 		and	r3, r3, #100663296
 503              		.loc 1 359 8 view .LVU175
 504 004a B3F1C06F 		cmp	r3, #100663296
 505 004e 01D0     		beq	.L44
 360:Drivers/STM32F1xx_HAL_Driver/Src/stm32f1xx_hal_exti.c ****     {
 361:Drivers/STM32F1xx_HAL_Driver/Src/stm32f1xx_hal_exti.c ****       assert_param(IS_EXTI_GPIO_PIN(linepos));
ARM GAS  /tmp/ccpgWsXu.s 			page 17


 362:Drivers/STM32F1xx_HAL_Driver/Src/stm32f1xx_hal_exti.c **** 
 363:Drivers/STM32F1xx_HAL_Driver/Src/stm32f1xx_hal_exti.c ****       regval = AFIO->EXTICR[linepos >> 2u];
 364:Drivers/STM32F1xx_HAL_Driver/Src/stm32f1xx_hal_exti.c ****       regval &= ~(AFIO_EXTICR1_EXTI0 << (AFIO_EXTICR1_EXTI1_Pos * (linepos & 0x03u)));
 365:Drivers/STM32F1xx_HAL_Driver/Src/stm32f1xx_hal_exti.c ****       AFIO->EXTICR[linepos >> 2u] = regval;
 366:Drivers/STM32F1xx_HAL_Driver/Src/stm32f1xx_hal_exti.c ****     }
 367:Drivers/STM32F1xx_HAL_Driver/Src/stm32f1xx_hal_exti.c ****   }
 368:Drivers/STM32F1xx_HAL_Driver/Src/stm32f1xx_hal_exti.c **** 
 369:Drivers/STM32F1xx_HAL_Driver/Src/stm32f1xx_hal_exti.c ****   return HAL_OK;
 506              		.loc 1 369 10 view .LVU176
 507 0050 0020     		movs	r0, #0
 508              	.LVL35:
 509              		.loc 1 369 10 view .LVU177
 510 0052 12E0     		b	.L36
 511              	.LVL36:
 512              	.L44:
 361:Drivers/STM32F1xx_HAL_Driver/Src/stm32f1xx_hal_exti.c **** 
 513              		.loc 1 361 7 is_stmt 1 view .LVU178
 363:Drivers/STM32F1xx_HAL_Driver/Src/stm32f1xx_hal_exti.c ****       regval &= ~(AFIO_EXTICR1_EXTI0 << (AFIO_EXTICR1_EXTI1_Pos * (linepos & 0x03u)));
 514              		.loc 1 363 7 view .LVU179
 363:Drivers/STM32F1xx_HAL_Driver/Src/stm32f1xx_hal_exti.c ****       regval &= ~(AFIO_EXTICR1_EXTI0 << (AFIO_EXTICR1_EXTI1_Pos * (linepos & 0x03u)));
 515              		.loc 1 363 37 is_stmt 0 view .LVU180
 516 0054 8008     		lsrs	r0, r0, #2
 517              	.LVL37:
 363:Drivers/STM32F1xx_HAL_Driver/Src/stm32f1xx_hal_exti.c ****       regval &= ~(AFIO_EXTICR1_EXTI0 << (AFIO_EXTICR1_EXTI1_Pos * (linepos & 0x03u)));
 518              		.loc 1 363 14 view .LVU181
 519 0056 0A49     		ldr	r1, .L45+4
 520 0058 0230     		adds	r0, r0, #2
 521 005a 51F82030 		ldr	r3, [r1, r0, lsl #2]
 522              	.LVL38:
 364:Drivers/STM32F1xx_HAL_Driver/Src/stm32f1xx_hal_exti.c ****       AFIO->EXTICR[linepos >> 2u] = regval;
 523              		.loc 1 364 7 is_stmt 1 view .LVU182
 364:Drivers/STM32F1xx_HAL_Driver/Src/stm32f1xx_hal_exti.c ****       AFIO->EXTICR[linepos >> 2u] = regval;
 524              		.loc 1 364 76 is_stmt 0 view .LVU183
 525 005e 04F00304 		and	r4, r4, #3
 526              	.LVL39:
 364:Drivers/STM32F1xx_HAL_Driver/Src/stm32f1xx_hal_exti.c ****       AFIO->EXTICR[linepos >> 2u] = regval;
 527              		.loc 1 364 65 view .LVU184
 528 0062 A400     		lsls	r4, r4, #2
 364:Drivers/STM32F1xx_HAL_Driver/Src/stm32f1xx_hal_exti.c ****       AFIO->EXTICR[linepos >> 2u] = regval;
 529              		.loc 1 364 38 view .LVU185
 530 0064 0F22     		movs	r2, #15
 531 0066 A240     		lsls	r2, r2, r4
 364:Drivers/STM32F1xx_HAL_Driver/Src/stm32f1xx_hal_exti.c ****       AFIO->EXTICR[linepos >> 2u] = regval;
 532              		.loc 1 364 14 view .LVU186
 533 0068 23EA0203 		bic	r3, r3, r2
 534              	.LVL40:
 365:Drivers/STM32F1xx_HAL_Driver/Src/stm32f1xx_hal_exti.c ****     }
 535              		.loc 1 365 7 is_stmt 1 view .LVU187
 365:Drivers/STM32F1xx_HAL_Driver/Src/stm32f1xx_hal_exti.c ****     }
 536              		.loc 1 365 35 is_stmt 0 view .LVU188
 537 006c 41F82030 		str	r3, [r1, r0, lsl #2]
 538              		.loc 1 369 10 view .LVU189
 539 0070 0020     		movs	r0, #0
 540 0072 02E0     		b	.L36
 541              	.LVL41:
 542              	.L37:
 543              		.cfi_def_cfa_offset 0
ARM GAS  /tmp/ccpgWsXu.s 			page 18


 544              		.cfi_restore 4
 545              		.cfi_restore 14
 336:Drivers/STM32F1xx_HAL_Driver/Src/stm32f1xx_hal_exti.c ****   }
 546              		.loc 1 336 12 view .LVU190
 547 0074 0120     		movs	r0, #1
 548              	.LVL42:
 370:Drivers/STM32F1xx_HAL_Driver/Src/stm32f1xx_hal_exti.c **** }
 549              		.loc 1 370 1 view .LVU191
 550 0076 7047     		bx	lr
 551              	.LVL43:
 552              	.L38:
 553              		.cfi_def_cfa_offset 8
 554              		.cfi_offset 4, -8
 555              		.cfi_offset 14, -4
 369:Drivers/STM32F1xx_HAL_Driver/Src/stm32f1xx_hal_exti.c **** }
 556              		.loc 1 369 10 view .LVU192
 557 0078 0020     		movs	r0, #0
 558              	.LVL44:
 559              	.L36:
 560              		.loc 1 370 1 view .LVU193
 561 007a 10BD     		pop	{r4, pc}
 562              	.L46:
 563              		.align	2
 564              	.L45:
 565 007c 00040140 		.word	1073808384
 566 0080 00000140 		.word	1073807360
 567              		.cfi_endproc
 568              	.LFE67:
 570              		.section	.text.HAL_EXTI_RegisterCallback,"ax",%progbits
 571              		.align	1
 572              		.global	HAL_EXTI_RegisterCallback
 573              		.syntax unified
 574              		.thumb
 575              		.thumb_func
 577              	HAL_EXTI_RegisterCallback:
 578              	.LVL45:
 579              	.LFB68:
 371:Drivers/STM32F1xx_HAL_Driver/Src/stm32f1xx_hal_exti.c **** 
 372:Drivers/STM32F1xx_HAL_Driver/Src/stm32f1xx_hal_exti.c **** /**
 373:Drivers/STM32F1xx_HAL_Driver/Src/stm32f1xx_hal_exti.c ****   * @brief  Register callback for a dedicated Exti line.
 374:Drivers/STM32F1xx_HAL_Driver/Src/stm32f1xx_hal_exti.c ****   * @param  hexti Exti handle.
 375:Drivers/STM32F1xx_HAL_Driver/Src/stm32f1xx_hal_exti.c ****   * @param  CallbackID User callback identifier.
 376:Drivers/STM32F1xx_HAL_Driver/Src/stm32f1xx_hal_exti.c ****   *         This parameter can be one of @arg @ref EXTI_CallbackIDTypeDef values.
 377:Drivers/STM32F1xx_HAL_Driver/Src/stm32f1xx_hal_exti.c ****   * @param  pPendingCbfn function pointer to be stored as callback.
 378:Drivers/STM32F1xx_HAL_Driver/Src/stm32f1xx_hal_exti.c ****   * @retval HAL Status.
 379:Drivers/STM32F1xx_HAL_Driver/Src/stm32f1xx_hal_exti.c ****   */
 380:Drivers/STM32F1xx_HAL_Driver/Src/stm32f1xx_hal_exti.c **** HAL_StatusTypeDef HAL_EXTI_RegisterCallback(EXTI_HandleTypeDef *hexti, EXTI_CallbackIDTypeDef Callb
 381:Drivers/STM32F1xx_HAL_Driver/Src/stm32f1xx_hal_exti.c **** {
 580              		.loc 1 381 1 is_stmt 1 view -0
 581              		.cfi_startproc
 582              		@ args = 0, pretend = 0, frame = 0
 583              		@ frame_needed = 0, uses_anonymous_args = 0
 584              		@ link register save eliminated.
 585              		.loc 1 381 1 is_stmt 0 view .LVU195
 586 0000 0346     		mov	r3, r0
 382:Drivers/STM32F1xx_HAL_Driver/Src/stm32f1xx_hal_exti.c ****   HAL_StatusTypeDef status = HAL_OK;
 587              		.loc 1 382 3 is_stmt 1 view .LVU196
ARM GAS  /tmp/ccpgWsXu.s 			page 19


 588              	.LVL46:
 383:Drivers/STM32F1xx_HAL_Driver/Src/stm32f1xx_hal_exti.c **** 
 384:Drivers/STM32F1xx_HAL_Driver/Src/stm32f1xx_hal_exti.c ****   switch (CallbackID)
 589              		.loc 1 384 3 view .LVU197
 590 0002 0846     		mov	r0, r1
 591              	.LVL47:
 592              		.loc 1 384 3 is_stmt 0 view .LVU198
 593 0004 09B9     		cbnz	r1, .L49
 385:Drivers/STM32F1xx_HAL_Driver/Src/stm32f1xx_hal_exti.c ****   {
 386:Drivers/STM32F1xx_HAL_Driver/Src/stm32f1xx_hal_exti.c ****     case  HAL_EXTI_COMMON_CB_ID:
 387:Drivers/STM32F1xx_HAL_Driver/Src/stm32f1xx_hal_exti.c ****       hexti->PendingCallback = pPendingCbfn;
 594              		.loc 1 387 7 is_stmt 1 view .LVU199
 595              		.loc 1 387 30 is_stmt 0 view .LVU200
 596 0006 5A60     		str	r2, [r3, #4]
 388:Drivers/STM32F1xx_HAL_Driver/Src/stm32f1xx_hal_exti.c ****       break;
 597              		.loc 1 388 7 is_stmt 1 view .LVU201
 598 0008 7047     		bx	lr
 599              	.L49:
 389:Drivers/STM32F1xx_HAL_Driver/Src/stm32f1xx_hal_exti.c **** 
 390:Drivers/STM32F1xx_HAL_Driver/Src/stm32f1xx_hal_exti.c ****     default:
 391:Drivers/STM32F1xx_HAL_Driver/Src/stm32f1xx_hal_exti.c ****       status = HAL_ERROR;
 600              		.loc 1 391 14 is_stmt 0 view .LVU202
 601 000a 0120     		movs	r0, #1
 602              	.LVL48:
 392:Drivers/STM32F1xx_HAL_Driver/Src/stm32f1xx_hal_exti.c ****       break;
 393:Drivers/STM32F1xx_HAL_Driver/Src/stm32f1xx_hal_exti.c ****   }
 394:Drivers/STM32F1xx_HAL_Driver/Src/stm32f1xx_hal_exti.c **** 
 395:Drivers/STM32F1xx_HAL_Driver/Src/stm32f1xx_hal_exti.c ****   return status;
 603              		.loc 1 395 3 is_stmt 1 view .LVU203
 396:Drivers/STM32F1xx_HAL_Driver/Src/stm32f1xx_hal_exti.c **** }
 604              		.loc 1 396 1 is_stmt 0 view .LVU204
 605 000c 7047     		bx	lr
 606              		.cfi_endproc
 607              	.LFE68:
 609              		.section	.text.HAL_EXTI_GetHandle,"ax",%progbits
 610              		.align	1
 611              		.global	HAL_EXTI_GetHandle
 612              		.syntax unified
 613              		.thumb
 614              		.thumb_func
 616              	HAL_EXTI_GetHandle:
 617              	.LVL49:
 618              	.LFB69:
 397:Drivers/STM32F1xx_HAL_Driver/Src/stm32f1xx_hal_exti.c **** 
 398:Drivers/STM32F1xx_HAL_Driver/Src/stm32f1xx_hal_exti.c **** /**
 399:Drivers/STM32F1xx_HAL_Driver/Src/stm32f1xx_hal_exti.c ****   * @brief  Store line number as handle private field.
 400:Drivers/STM32F1xx_HAL_Driver/Src/stm32f1xx_hal_exti.c ****   * @param  hexti Exti handle.
 401:Drivers/STM32F1xx_HAL_Driver/Src/stm32f1xx_hal_exti.c ****   * @param  ExtiLine Exti line number.
 402:Drivers/STM32F1xx_HAL_Driver/Src/stm32f1xx_hal_exti.c ****   *         This parameter can be from 0 to @ref EXTI_LINE_NB.
 403:Drivers/STM32F1xx_HAL_Driver/Src/stm32f1xx_hal_exti.c ****   * @retval HAL Status.
 404:Drivers/STM32F1xx_HAL_Driver/Src/stm32f1xx_hal_exti.c ****   */
 405:Drivers/STM32F1xx_HAL_Driver/Src/stm32f1xx_hal_exti.c **** HAL_StatusTypeDef HAL_EXTI_GetHandle(EXTI_HandleTypeDef *hexti, uint32_t ExtiLine)
 406:Drivers/STM32F1xx_HAL_Driver/Src/stm32f1xx_hal_exti.c **** {
 619              		.loc 1 406 1 is_stmt 1 view -0
 620              		.cfi_startproc
 621              		@ args = 0, pretend = 0, frame = 0
 622              		@ frame_needed = 0, uses_anonymous_args = 0
ARM GAS  /tmp/ccpgWsXu.s 			page 20


 623              		@ link register save eliminated.
 407:Drivers/STM32F1xx_HAL_Driver/Src/stm32f1xx_hal_exti.c ****   /* Check the parameters */
 408:Drivers/STM32F1xx_HAL_Driver/Src/stm32f1xx_hal_exti.c ****   assert_param(IS_EXTI_LINE(ExtiLine));
 624              		.loc 1 408 3 view .LVU206
 409:Drivers/STM32F1xx_HAL_Driver/Src/stm32f1xx_hal_exti.c **** 
 410:Drivers/STM32F1xx_HAL_Driver/Src/stm32f1xx_hal_exti.c ****   /* Check null pointer */
 411:Drivers/STM32F1xx_HAL_Driver/Src/stm32f1xx_hal_exti.c ****   if (hexti == NULL)
 625              		.loc 1 411 3 view .LVU207
 626              		.loc 1 411 6 is_stmt 0 view .LVU208
 627 0000 10B1     		cbz	r0, .L52
 412:Drivers/STM32F1xx_HAL_Driver/Src/stm32f1xx_hal_exti.c ****   {
 413:Drivers/STM32F1xx_HAL_Driver/Src/stm32f1xx_hal_exti.c ****     return HAL_ERROR;
 414:Drivers/STM32F1xx_HAL_Driver/Src/stm32f1xx_hal_exti.c ****   }
 415:Drivers/STM32F1xx_HAL_Driver/Src/stm32f1xx_hal_exti.c ****   else
 416:Drivers/STM32F1xx_HAL_Driver/Src/stm32f1xx_hal_exti.c ****   {
 417:Drivers/STM32F1xx_HAL_Driver/Src/stm32f1xx_hal_exti.c ****     /* Store line number as handle private field */
 418:Drivers/STM32F1xx_HAL_Driver/Src/stm32f1xx_hal_exti.c ****     hexti->Line = ExtiLine;
 628              		.loc 1 418 5 is_stmt 1 view .LVU209
 629              		.loc 1 418 17 is_stmt 0 view .LVU210
 630 0002 0160     		str	r1, [r0]
 419:Drivers/STM32F1xx_HAL_Driver/Src/stm32f1xx_hal_exti.c **** 
 420:Drivers/STM32F1xx_HAL_Driver/Src/stm32f1xx_hal_exti.c ****     return HAL_OK;
 631              		.loc 1 420 5 is_stmt 1 view .LVU211
 632              		.loc 1 420 12 is_stmt 0 view .LVU212
 633 0004 0020     		movs	r0, #0
 634              	.LVL50:
 635              		.loc 1 420 12 view .LVU213
 636 0006 7047     		bx	lr
 637              	.LVL51:
 638              	.L52:
 413:Drivers/STM32F1xx_HAL_Driver/Src/stm32f1xx_hal_exti.c ****   }
 639              		.loc 1 413 12 view .LVU214
 640 0008 0120     		movs	r0, #1
 641              	.LVL52:
 421:Drivers/STM32F1xx_HAL_Driver/Src/stm32f1xx_hal_exti.c ****   }
 422:Drivers/STM32F1xx_HAL_Driver/Src/stm32f1xx_hal_exti.c **** }
 642              		.loc 1 422 1 view .LVU215
 643 000a 7047     		bx	lr
 644              		.cfi_endproc
 645              	.LFE69:
 647              		.section	.text.HAL_EXTI_IRQHandler,"ax",%progbits
 648              		.align	1
 649              		.global	HAL_EXTI_IRQHandler
 650              		.syntax unified
 651              		.thumb
 652              		.thumb_func
 654              	HAL_EXTI_IRQHandler:
 655              	.LVL53:
 656              	.LFB70:
 423:Drivers/STM32F1xx_HAL_Driver/Src/stm32f1xx_hal_exti.c **** 
 424:Drivers/STM32F1xx_HAL_Driver/Src/stm32f1xx_hal_exti.c **** /**
 425:Drivers/STM32F1xx_HAL_Driver/Src/stm32f1xx_hal_exti.c ****   * @}
 426:Drivers/STM32F1xx_HAL_Driver/Src/stm32f1xx_hal_exti.c ****   */
 427:Drivers/STM32F1xx_HAL_Driver/Src/stm32f1xx_hal_exti.c **** 
 428:Drivers/STM32F1xx_HAL_Driver/Src/stm32f1xx_hal_exti.c **** /** @addtogroup EXTI_Exported_Functions_Group2
 429:Drivers/STM32F1xx_HAL_Driver/Src/stm32f1xx_hal_exti.c ****   *  @brief EXTI IO functions.
 430:Drivers/STM32F1xx_HAL_Driver/Src/stm32f1xx_hal_exti.c ****   *
ARM GAS  /tmp/ccpgWsXu.s 			page 21


 431:Drivers/STM32F1xx_HAL_Driver/Src/stm32f1xx_hal_exti.c **** @verbatim
 432:Drivers/STM32F1xx_HAL_Driver/Src/stm32f1xx_hal_exti.c ****  ===============================================================================
 433:Drivers/STM32F1xx_HAL_Driver/Src/stm32f1xx_hal_exti.c ****                        ##### IO operation functions #####
 434:Drivers/STM32F1xx_HAL_Driver/Src/stm32f1xx_hal_exti.c ****  ===============================================================================
 435:Drivers/STM32F1xx_HAL_Driver/Src/stm32f1xx_hal_exti.c **** 
 436:Drivers/STM32F1xx_HAL_Driver/Src/stm32f1xx_hal_exti.c **** @endverbatim
 437:Drivers/STM32F1xx_HAL_Driver/Src/stm32f1xx_hal_exti.c ****   * @{
 438:Drivers/STM32F1xx_HAL_Driver/Src/stm32f1xx_hal_exti.c ****   */
 439:Drivers/STM32F1xx_HAL_Driver/Src/stm32f1xx_hal_exti.c **** 
 440:Drivers/STM32F1xx_HAL_Driver/Src/stm32f1xx_hal_exti.c **** /**
 441:Drivers/STM32F1xx_HAL_Driver/Src/stm32f1xx_hal_exti.c ****   * @brief  Handle EXTI interrupt request.
 442:Drivers/STM32F1xx_HAL_Driver/Src/stm32f1xx_hal_exti.c ****   * @param  hexti Exti handle.
 443:Drivers/STM32F1xx_HAL_Driver/Src/stm32f1xx_hal_exti.c ****   * @retval none.
 444:Drivers/STM32F1xx_HAL_Driver/Src/stm32f1xx_hal_exti.c ****   */
 445:Drivers/STM32F1xx_HAL_Driver/Src/stm32f1xx_hal_exti.c **** void HAL_EXTI_IRQHandler(EXTI_HandleTypeDef *hexti)
 446:Drivers/STM32F1xx_HAL_Driver/Src/stm32f1xx_hal_exti.c **** {
 657              		.loc 1 446 1 is_stmt 1 view -0
 658              		.cfi_startproc
 659              		@ args = 0, pretend = 0, frame = 0
 660              		@ frame_needed = 0, uses_anonymous_args = 0
 661              		.loc 1 446 1 is_stmt 0 view .LVU217
 662 0000 08B5     		push	{r3, lr}
 663              		.cfi_def_cfa_offset 8
 664              		.cfi_offset 3, -8
 665              		.cfi_offset 14, -4
 447:Drivers/STM32F1xx_HAL_Driver/Src/stm32f1xx_hal_exti.c ****   uint32_t regval;
 666              		.loc 1 447 3 is_stmt 1 view .LVU218
 448:Drivers/STM32F1xx_HAL_Driver/Src/stm32f1xx_hal_exti.c ****   uint32_t maskline;
 667              		.loc 1 448 3 view .LVU219
 449:Drivers/STM32F1xx_HAL_Driver/Src/stm32f1xx_hal_exti.c **** 
 450:Drivers/STM32F1xx_HAL_Driver/Src/stm32f1xx_hal_exti.c ****   /* Compute line mask */
 451:Drivers/STM32F1xx_HAL_Driver/Src/stm32f1xx_hal_exti.c ****   maskline = (1uL << (hexti->Line & EXTI_PIN_MASK));
 668              		.loc 1 451 3 view .LVU220
 669              		.loc 1 451 28 is_stmt 0 view .LVU221
 670 0002 0368     		ldr	r3, [r0]
 671              		.loc 1 451 35 view .LVU222
 672 0004 03F01F02 		and	r2, r3, #31
 673              		.loc 1 451 12 view .LVU223
 674 0008 0123     		movs	r3, #1
 675 000a 9340     		lsls	r3, r3, r2
 676              	.LVL54:
 452:Drivers/STM32F1xx_HAL_Driver/Src/stm32f1xx_hal_exti.c **** 
 453:Drivers/STM32F1xx_HAL_Driver/Src/stm32f1xx_hal_exti.c ****   /* Get pending bit  */
 454:Drivers/STM32F1xx_HAL_Driver/Src/stm32f1xx_hal_exti.c ****   regval = (EXTI->PR & maskline);
 677              		.loc 1 454 3 is_stmt 1 view .LVU224
 678              		.loc 1 454 17 is_stmt 0 view .LVU225
 679 000c 044A     		ldr	r2, .L56
 680 000e 5269     		ldr	r2, [r2, #20]
 681              	.LVL55:
 455:Drivers/STM32F1xx_HAL_Driver/Src/stm32f1xx_hal_exti.c ****   if (regval != 0x00u)
 682              		.loc 1 455 3 is_stmt 1 view .LVU226
 683              		.loc 1 455 6 is_stmt 0 view .LVU227
 684 0010 1A42     		tst	r2, r3
 685 0012 04D0     		beq	.L53
 456:Drivers/STM32F1xx_HAL_Driver/Src/stm32f1xx_hal_exti.c ****   {
 457:Drivers/STM32F1xx_HAL_Driver/Src/stm32f1xx_hal_exti.c ****     /* Clear pending bit */
 458:Drivers/STM32F1xx_HAL_Driver/Src/stm32f1xx_hal_exti.c ****     EXTI->PR = maskline;
ARM GAS  /tmp/ccpgWsXu.s 			page 22


 686              		.loc 1 458 5 is_stmt 1 view .LVU228
 687              		.loc 1 458 14 is_stmt 0 view .LVU229
 688 0014 024A     		ldr	r2, .L56
 689              	.LVL56:
 690              		.loc 1 458 14 view .LVU230
 691 0016 5361     		str	r3, [r2, #20]
 459:Drivers/STM32F1xx_HAL_Driver/Src/stm32f1xx_hal_exti.c **** 
 460:Drivers/STM32F1xx_HAL_Driver/Src/stm32f1xx_hal_exti.c ****     /* Call callback */
 461:Drivers/STM32F1xx_HAL_Driver/Src/stm32f1xx_hal_exti.c ****     if (hexti->PendingCallback != NULL)
 692              		.loc 1 461 5 is_stmt 1 view .LVU231
 693              		.loc 1 461 14 is_stmt 0 view .LVU232
 694 0018 4368     		ldr	r3, [r0, #4]
 695              	.LVL57:
 696              		.loc 1 461 8 view .LVU233
 697 001a 03B1     		cbz	r3, .L53
 462:Drivers/STM32F1xx_HAL_Driver/Src/stm32f1xx_hal_exti.c ****     {
 463:Drivers/STM32F1xx_HAL_Driver/Src/stm32f1xx_hal_exti.c ****       hexti->PendingCallback();
 698              		.loc 1 463 7 is_stmt 1 view .LVU234
 699 001c 9847     		blx	r3
 700              	.LVL58:
 701              	.L53:
 464:Drivers/STM32F1xx_HAL_Driver/Src/stm32f1xx_hal_exti.c ****     }
 465:Drivers/STM32F1xx_HAL_Driver/Src/stm32f1xx_hal_exti.c ****   }
 466:Drivers/STM32F1xx_HAL_Driver/Src/stm32f1xx_hal_exti.c **** }
 702              		.loc 1 466 1 is_stmt 0 view .LVU235
 703 001e 08BD     		pop	{r3, pc}
 704              	.L57:
 705              		.align	2
 706              	.L56:
 707 0020 00040140 		.word	1073808384
 708              		.cfi_endproc
 709              	.LFE70:
 711              		.section	.text.HAL_EXTI_GetPending,"ax",%progbits
 712              		.align	1
 713              		.global	HAL_EXTI_GetPending
 714              		.syntax unified
 715              		.thumb
 716              		.thumb_func
 718              	HAL_EXTI_GetPending:
 719              	.LVL59:
 720              	.LFB71:
 467:Drivers/STM32F1xx_HAL_Driver/Src/stm32f1xx_hal_exti.c **** 
 468:Drivers/STM32F1xx_HAL_Driver/Src/stm32f1xx_hal_exti.c **** /**
 469:Drivers/STM32F1xx_HAL_Driver/Src/stm32f1xx_hal_exti.c ****   * @brief  Get interrupt pending bit of a dedicated line.
 470:Drivers/STM32F1xx_HAL_Driver/Src/stm32f1xx_hal_exti.c ****   * @param  hexti Exti handle.
 471:Drivers/STM32F1xx_HAL_Driver/Src/stm32f1xx_hal_exti.c ****   * @param  Edge Specify which pending edge as to be checked.
 472:Drivers/STM32F1xx_HAL_Driver/Src/stm32f1xx_hal_exti.c ****   *         This parameter can be one of the following values:
 473:Drivers/STM32F1xx_HAL_Driver/Src/stm32f1xx_hal_exti.c ****   *           @arg @ref EXTI_TRIGGER_RISING_FALLING
 474:Drivers/STM32F1xx_HAL_Driver/Src/stm32f1xx_hal_exti.c ****   *         This parameter is kept for compatibility with other series.
 475:Drivers/STM32F1xx_HAL_Driver/Src/stm32f1xx_hal_exti.c ****   * @retval 1 if interrupt is pending else 0.
 476:Drivers/STM32F1xx_HAL_Driver/Src/stm32f1xx_hal_exti.c ****   */
 477:Drivers/STM32F1xx_HAL_Driver/Src/stm32f1xx_hal_exti.c **** uint32_t HAL_EXTI_GetPending(EXTI_HandleTypeDef *hexti, uint32_t Edge)
 478:Drivers/STM32F1xx_HAL_Driver/Src/stm32f1xx_hal_exti.c **** {
 721              		.loc 1 478 1 is_stmt 1 view -0
 722              		.cfi_startproc
 723              		@ args = 0, pretend = 0, frame = 0
 724              		@ frame_needed = 0, uses_anonymous_args = 0
ARM GAS  /tmp/ccpgWsXu.s 			page 23


 725              		@ link register save eliminated.
 479:Drivers/STM32F1xx_HAL_Driver/Src/stm32f1xx_hal_exti.c ****   uint32_t regval;
 726              		.loc 1 479 3 view .LVU237
 480:Drivers/STM32F1xx_HAL_Driver/Src/stm32f1xx_hal_exti.c ****   uint32_t maskline;
 727              		.loc 1 480 3 view .LVU238
 481:Drivers/STM32F1xx_HAL_Driver/Src/stm32f1xx_hal_exti.c ****   uint32_t linepos;
 728              		.loc 1 481 3 view .LVU239
 482:Drivers/STM32F1xx_HAL_Driver/Src/stm32f1xx_hal_exti.c **** 
 483:Drivers/STM32F1xx_HAL_Driver/Src/stm32f1xx_hal_exti.c ****   /* Check parameters */
 484:Drivers/STM32F1xx_HAL_Driver/Src/stm32f1xx_hal_exti.c ****   assert_param(IS_EXTI_LINE(hexti->Line));
 729              		.loc 1 484 3 view .LVU240
 485:Drivers/STM32F1xx_HAL_Driver/Src/stm32f1xx_hal_exti.c ****   assert_param(IS_EXTI_CONFIG_LINE(hexti->Line));
 730              		.loc 1 485 3 view .LVU241
 486:Drivers/STM32F1xx_HAL_Driver/Src/stm32f1xx_hal_exti.c ****   assert_param(IS_EXTI_PENDING_EDGE(Edge));
 731              		.loc 1 486 3 view .LVU242
 487:Drivers/STM32F1xx_HAL_Driver/Src/stm32f1xx_hal_exti.c **** 
 488:Drivers/STM32F1xx_HAL_Driver/Src/stm32f1xx_hal_exti.c ****   /* Compute line mask */
 489:Drivers/STM32F1xx_HAL_Driver/Src/stm32f1xx_hal_exti.c ****   linepos = (hexti->Line & EXTI_PIN_MASK);
 732              		.loc 1 489 3 view .LVU243
 733              		.loc 1 489 19 is_stmt 0 view .LVU244
 734 0000 0368     		ldr	r3, [r0]
 735              		.loc 1 489 11 view .LVU245
 736 0002 03F01F03 		and	r3, r3, #31
 737              	.LVL60:
 490:Drivers/STM32F1xx_HAL_Driver/Src/stm32f1xx_hal_exti.c ****   maskline = (1uL << linepos);
 738              		.loc 1 490 3 is_stmt 1 view .LVU246
 739              		.loc 1 490 12 is_stmt 0 view .LVU247
 740 0006 0122     		movs	r2, #1
 741 0008 9A40     		lsls	r2, r2, r3
 742              	.LVL61:
 491:Drivers/STM32F1xx_HAL_Driver/Src/stm32f1xx_hal_exti.c **** 
 492:Drivers/STM32F1xx_HAL_Driver/Src/stm32f1xx_hal_exti.c ****   /* return 1 if bit is set else 0 */
 493:Drivers/STM32F1xx_HAL_Driver/Src/stm32f1xx_hal_exti.c ****   regval = ((EXTI->PR & maskline) >> linepos);
 743              		.loc 1 493 3 is_stmt 1 view .LVU248
 744              		.loc 1 493 18 is_stmt 0 view .LVU249
 745 000a 0249     		ldr	r1, .L59
 746              	.LVL62:
 747              		.loc 1 493 18 view .LVU250
 748 000c 4869     		ldr	r0, [r1, #20]
 749              	.LVL63:
 750              		.loc 1 493 23 view .LVU251
 751 000e 1040     		ands	r0, r0, r2
 752              	.LVL64:
 494:Drivers/STM32F1xx_HAL_Driver/Src/stm32f1xx_hal_exti.c ****   return regval;
 753              		.loc 1 494 3 is_stmt 1 view .LVU252
 495:Drivers/STM32F1xx_HAL_Driver/Src/stm32f1xx_hal_exti.c **** }
 754              		.loc 1 495 1 is_stmt 0 view .LVU253
 755 0010 D840     		lsrs	r0, r0, r3
 756              	.LVL65:
 757              		.loc 1 495 1 view .LVU254
 758 0012 7047     		bx	lr
 759              	.L60:
 760              		.align	2
 761              	.L59:
 762 0014 00040140 		.word	1073808384
 763              		.cfi_endproc
 764              	.LFE71:
ARM GAS  /tmp/ccpgWsXu.s 			page 24


 766              		.section	.text.HAL_EXTI_ClearPending,"ax",%progbits
 767              		.align	1
 768              		.global	HAL_EXTI_ClearPending
 769              		.syntax unified
 770              		.thumb
 771              		.thumb_func
 773              	HAL_EXTI_ClearPending:
 774              	.LVL66:
 775              	.LFB72:
 496:Drivers/STM32F1xx_HAL_Driver/Src/stm32f1xx_hal_exti.c **** 
 497:Drivers/STM32F1xx_HAL_Driver/Src/stm32f1xx_hal_exti.c **** /**
 498:Drivers/STM32F1xx_HAL_Driver/Src/stm32f1xx_hal_exti.c ****   * @brief  Clear interrupt pending bit of a dedicated line.
 499:Drivers/STM32F1xx_HAL_Driver/Src/stm32f1xx_hal_exti.c ****   * @param  hexti Exti handle.
 500:Drivers/STM32F1xx_HAL_Driver/Src/stm32f1xx_hal_exti.c ****   * @param  Edge Specify which pending edge as to be clear.
 501:Drivers/STM32F1xx_HAL_Driver/Src/stm32f1xx_hal_exti.c ****   *         This parameter can be one of the following values:
 502:Drivers/STM32F1xx_HAL_Driver/Src/stm32f1xx_hal_exti.c ****   *           @arg @ref EXTI_TRIGGER_RISING_FALLING
 503:Drivers/STM32F1xx_HAL_Driver/Src/stm32f1xx_hal_exti.c ****   *         This parameter is kept for compatibility with other series.
 504:Drivers/STM32F1xx_HAL_Driver/Src/stm32f1xx_hal_exti.c ****   * @retval None.
 505:Drivers/STM32F1xx_HAL_Driver/Src/stm32f1xx_hal_exti.c ****   */
 506:Drivers/STM32F1xx_HAL_Driver/Src/stm32f1xx_hal_exti.c **** void HAL_EXTI_ClearPending(EXTI_HandleTypeDef *hexti, uint32_t Edge)
 507:Drivers/STM32F1xx_HAL_Driver/Src/stm32f1xx_hal_exti.c **** {
 776              		.loc 1 507 1 is_stmt 1 view -0
 777              		.cfi_startproc
 778              		@ args = 0, pretend = 0, frame = 0
 779              		@ frame_needed = 0, uses_anonymous_args = 0
 780              		@ link register save eliminated.
 508:Drivers/STM32F1xx_HAL_Driver/Src/stm32f1xx_hal_exti.c ****   uint32_t maskline;
 781              		.loc 1 508 3 view .LVU256
 509:Drivers/STM32F1xx_HAL_Driver/Src/stm32f1xx_hal_exti.c **** 
 510:Drivers/STM32F1xx_HAL_Driver/Src/stm32f1xx_hal_exti.c ****   /* Check parameters */
 511:Drivers/STM32F1xx_HAL_Driver/Src/stm32f1xx_hal_exti.c ****   assert_param(IS_EXTI_LINE(hexti->Line));
 782              		.loc 1 511 3 view .LVU257
 512:Drivers/STM32F1xx_HAL_Driver/Src/stm32f1xx_hal_exti.c ****   assert_param(IS_EXTI_CONFIG_LINE(hexti->Line));
 783              		.loc 1 512 3 view .LVU258
 513:Drivers/STM32F1xx_HAL_Driver/Src/stm32f1xx_hal_exti.c ****   assert_param(IS_EXTI_PENDING_EDGE(Edge));
 784              		.loc 1 513 3 view .LVU259
 514:Drivers/STM32F1xx_HAL_Driver/Src/stm32f1xx_hal_exti.c **** 
 515:Drivers/STM32F1xx_HAL_Driver/Src/stm32f1xx_hal_exti.c ****   /* Compute line mask */
 516:Drivers/STM32F1xx_HAL_Driver/Src/stm32f1xx_hal_exti.c ****   maskline = (1uL << (hexti->Line & EXTI_PIN_MASK));
 785              		.loc 1 516 3 view .LVU260
 786              		.loc 1 516 28 is_stmt 0 view .LVU261
 787 0000 0268     		ldr	r2, [r0]
 788              		.loc 1 516 35 view .LVU262
 789 0002 02F01F02 		and	r2, r2, #31
 790              		.loc 1 516 12 view .LVU263
 791 0006 0123     		movs	r3, #1
 792 0008 9340     		lsls	r3, r3, r2
 793              	.LVL67:
 517:Drivers/STM32F1xx_HAL_Driver/Src/stm32f1xx_hal_exti.c **** 
 518:Drivers/STM32F1xx_HAL_Driver/Src/stm32f1xx_hal_exti.c ****   /* Clear Pending bit */
 519:Drivers/STM32F1xx_HAL_Driver/Src/stm32f1xx_hal_exti.c ****   EXTI->PR =  maskline;
 794              		.loc 1 519 3 is_stmt 1 view .LVU264
 795              		.loc 1 519 12 is_stmt 0 view .LVU265
 796 000a 014A     		ldr	r2, .L62
 797 000c 5361     		str	r3, [r2, #20]
 520:Drivers/STM32F1xx_HAL_Driver/Src/stm32f1xx_hal_exti.c **** }
 798              		.loc 1 520 1 view .LVU266
ARM GAS  /tmp/ccpgWsXu.s 			page 25


 799 000e 7047     		bx	lr
 800              	.L63:
 801              		.align	2
 802              	.L62:
 803 0010 00040140 		.word	1073808384
 804              		.cfi_endproc
 805              	.LFE72:
 807              		.section	.text.HAL_EXTI_GenerateSWI,"ax",%progbits
 808              		.align	1
 809              		.global	HAL_EXTI_GenerateSWI
 810              		.syntax unified
 811              		.thumb
 812              		.thumb_func
 814              	HAL_EXTI_GenerateSWI:
 815              	.LVL68:
 816              	.LFB73:
 521:Drivers/STM32F1xx_HAL_Driver/Src/stm32f1xx_hal_exti.c **** 
 522:Drivers/STM32F1xx_HAL_Driver/Src/stm32f1xx_hal_exti.c **** /**
 523:Drivers/STM32F1xx_HAL_Driver/Src/stm32f1xx_hal_exti.c ****   * @brief  Generate a software interrupt for a dedicated line.
 524:Drivers/STM32F1xx_HAL_Driver/Src/stm32f1xx_hal_exti.c ****   * @param  hexti Exti handle.
 525:Drivers/STM32F1xx_HAL_Driver/Src/stm32f1xx_hal_exti.c ****   * @retval None.
 526:Drivers/STM32F1xx_HAL_Driver/Src/stm32f1xx_hal_exti.c ****   */
 527:Drivers/STM32F1xx_HAL_Driver/Src/stm32f1xx_hal_exti.c **** void HAL_EXTI_GenerateSWI(EXTI_HandleTypeDef *hexti)
 528:Drivers/STM32F1xx_HAL_Driver/Src/stm32f1xx_hal_exti.c **** {
 817              		.loc 1 528 1 is_stmt 1 view -0
 818              		.cfi_startproc
 819              		@ args = 0, pretend = 0, frame = 0
 820              		@ frame_needed = 0, uses_anonymous_args = 0
 821              		@ link register save eliminated.
 529:Drivers/STM32F1xx_HAL_Driver/Src/stm32f1xx_hal_exti.c ****   uint32_t maskline;
 822              		.loc 1 529 3 view .LVU268
 530:Drivers/STM32F1xx_HAL_Driver/Src/stm32f1xx_hal_exti.c **** 
 531:Drivers/STM32F1xx_HAL_Driver/Src/stm32f1xx_hal_exti.c ****   /* Check parameters */
 532:Drivers/STM32F1xx_HAL_Driver/Src/stm32f1xx_hal_exti.c ****   assert_param(IS_EXTI_LINE(hexti->Line));
 823              		.loc 1 532 3 view .LVU269
 533:Drivers/STM32F1xx_HAL_Driver/Src/stm32f1xx_hal_exti.c ****   assert_param(IS_EXTI_CONFIG_LINE(hexti->Line));
 824              		.loc 1 533 3 view .LVU270
 534:Drivers/STM32F1xx_HAL_Driver/Src/stm32f1xx_hal_exti.c **** 
 535:Drivers/STM32F1xx_HAL_Driver/Src/stm32f1xx_hal_exti.c ****   /* Compute line mask */
 536:Drivers/STM32F1xx_HAL_Driver/Src/stm32f1xx_hal_exti.c ****   maskline = (1uL << (hexti->Line & EXTI_PIN_MASK));
 825              		.loc 1 536 3 view .LVU271
 826              		.loc 1 536 28 is_stmt 0 view .LVU272
 827 0000 0268     		ldr	r2, [r0]
 828              		.loc 1 536 35 view .LVU273
 829 0002 02F01F02 		and	r2, r2, #31
 830              		.loc 1 536 12 view .LVU274
 831 0006 0123     		movs	r3, #1
 832 0008 9340     		lsls	r3, r3, r2
 833              	.LVL69:
 537:Drivers/STM32F1xx_HAL_Driver/Src/stm32f1xx_hal_exti.c **** 
 538:Drivers/STM32F1xx_HAL_Driver/Src/stm32f1xx_hal_exti.c ****   /* Generate Software interrupt */
 539:Drivers/STM32F1xx_HAL_Driver/Src/stm32f1xx_hal_exti.c ****   EXTI->SWIER = maskline;
 834              		.loc 1 539 3 is_stmt 1 view .LVU275
 835              		.loc 1 539 15 is_stmt 0 view .LVU276
 836 000a 014A     		ldr	r2, .L65
 837 000c 1361     		str	r3, [r2, #16]
 540:Drivers/STM32F1xx_HAL_Driver/Src/stm32f1xx_hal_exti.c **** }
ARM GAS  /tmp/ccpgWsXu.s 			page 26


 838              		.loc 1 540 1 view .LVU277
 839 000e 7047     		bx	lr
 840              	.L66:
 841              		.align	2
 842              	.L65:
 843 0010 00040140 		.word	1073808384
 844              		.cfi_endproc
 845              	.LFE73:
 847              		.text
 848              	.Letext0:
 849              		.file 2 "/home/jack/.config/Code - OSS/User/globalStorage/bmd.stm32-for-vscode/@xpack-dev-tools/ar
 850              		.file 3 "/home/jack/.config/Code - OSS/User/globalStorage/bmd.stm32-for-vscode/@xpack-dev-tools/ar
 851              		.file 4 "Drivers/CMSIS/Device/ST/STM32F1xx/Include/stm32f103xb.h"
 852              		.file 5 "Drivers/STM32F1xx_HAL_Driver/Inc/stm32f1xx_hal_def.h"
 853              		.file 6 "Drivers/STM32F1xx_HAL_Driver/Inc/stm32f1xx_hal_exti.h"
ARM GAS  /tmp/ccpgWsXu.s 			page 27


DEFINED SYMBOLS
                            *ABS*:0000000000000000 stm32f1xx_hal_exti.c
     /tmp/ccpgWsXu.s:18     .text.HAL_EXTI_SetConfigLine:0000000000000000 $t
     /tmp/ccpgWsXu.s:24     .text.HAL_EXTI_SetConfigLine:0000000000000000 HAL_EXTI_SetConfigLine
     /tmp/ccpgWsXu.s:237    .text.HAL_EXTI_SetConfigLine:00000000000000d0 $d
     /tmp/ccpgWsXu.s:243    .text.HAL_EXTI_GetConfigLine:0000000000000000 $t
     /tmp/ccpgWsXu.s:249    .text.HAL_EXTI_GetConfigLine:0000000000000000 HAL_EXTI_GetConfigLine
     /tmp/ccpgWsXu.s:416    .text.HAL_EXTI_GetConfigLine:00000000000000a4 $d
     /tmp/ccpgWsXu.s:422    .text.HAL_EXTI_ClearConfigLine:0000000000000000 $t
     /tmp/ccpgWsXu.s:428    .text.HAL_EXTI_ClearConfigLine:0000000000000000 HAL_EXTI_ClearConfigLine
     /tmp/ccpgWsXu.s:565    .text.HAL_EXTI_ClearConfigLine:000000000000007c $d
     /tmp/ccpgWsXu.s:571    .text.HAL_EXTI_RegisterCallback:0000000000000000 $t
     /tmp/ccpgWsXu.s:577    .text.HAL_EXTI_RegisterCallback:0000000000000000 HAL_EXTI_RegisterCallback
     /tmp/ccpgWsXu.s:610    .text.HAL_EXTI_GetHandle:0000000000000000 $t
     /tmp/ccpgWsXu.s:616    .text.HAL_EXTI_GetHandle:0000000000000000 HAL_EXTI_GetHandle
     /tmp/ccpgWsXu.s:648    .text.HAL_EXTI_IRQHandler:0000000000000000 $t
     /tmp/ccpgWsXu.s:654    .text.HAL_EXTI_IRQHandler:0000000000000000 HAL_EXTI_IRQHandler
     /tmp/ccpgWsXu.s:707    .text.HAL_EXTI_IRQHandler:0000000000000020 $d
     /tmp/ccpgWsXu.s:712    .text.HAL_EXTI_GetPending:0000000000000000 $t
     /tmp/ccpgWsXu.s:718    .text.HAL_EXTI_GetPending:0000000000000000 HAL_EXTI_GetPending
     /tmp/ccpgWsXu.s:762    .text.HAL_EXTI_GetPending:0000000000000014 $d
     /tmp/ccpgWsXu.s:767    .text.HAL_EXTI_ClearPending:0000000000000000 $t
     /tmp/ccpgWsXu.s:773    .text.HAL_EXTI_ClearPending:0000000000000000 HAL_EXTI_ClearPending
     /tmp/ccpgWsXu.s:803    .text.HAL_EXTI_ClearPending:0000000000000010 $d
     /tmp/ccpgWsXu.s:808    .text.HAL_EXTI_GenerateSWI:0000000000000000 $t
     /tmp/ccpgWsXu.s:814    .text.HAL_EXTI_GenerateSWI:0000000000000000 HAL_EXTI_GenerateSWI
     /tmp/ccpgWsXu.s:843    .text.HAL_EXTI_GenerateSWI:0000000000000010 $d

NO UNDEFINED SYMBOLS
