ARM GAS  /tmp/ccaYlAMP.s 			page 1


   1              		.cpu cortex-m3
   2              		.arch armv7-m
   3              		.fpu softvfp
   4              		.eabi_attribute 20, 1
   5              		.eabi_attribute 21, 1
   6              		.eabi_attribute 23, 3
   7              		.eabi_attribute 24, 1
   8              		.eabi_attribute 25, 1
   9              		.eabi_attribute 26, 1
  10              		.eabi_attribute 30, 1
  11              		.eabi_attribute 34, 1
  12              		.eabi_attribute 18, 4
  13              		.file	"stm32f1xx_it.c"
  14              		.text
  15              	.Ltext0:
  16              		.cfi_sections	.debug_frame
  17              		.section	.text.NMI_Handler,"ax",%progbits
  18              		.align	1
  19              		.global	NMI_Handler
  20              		.syntax unified
  21              		.thumb
  22              		.thumb_func
  24              	NMI_Handler:
  25              	.LFB65:
  26              		.file 1 "Core/Src/stm32f1xx_it.c"
   1:Core/Src/stm32f1xx_it.c **** /* USER CODE BEGIN Header */
   2:Core/Src/stm32f1xx_it.c **** /**
   3:Core/Src/stm32f1xx_it.c ****   ******************************************************************************
   4:Core/Src/stm32f1xx_it.c ****   * @file    stm32f1xx_it.c
   5:Core/Src/stm32f1xx_it.c ****   * @brief   Interrupt Service Routines.
   6:Core/Src/stm32f1xx_it.c ****   ******************************************************************************
   7:Core/Src/stm32f1xx_it.c ****   * @attention
   8:Core/Src/stm32f1xx_it.c ****   *
   9:Core/Src/stm32f1xx_it.c ****   * Copyright (c) 2023 STMicroelectronics.
  10:Core/Src/stm32f1xx_it.c ****   * All rights reserved.
  11:Core/Src/stm32f1xx_it.c ****   *
  12:Core/Src/stm32f1xx_it.c ****   * This software is licensed under terms that can be found in the LICENSE file
  13:Core/Src/stm32f1xx_it.c ****   * in the root directory of this software component.
  14:Core/Src/stm32f1xx_it.c ****   * If no LICENSE file comes with this software, it is provided AS-IS.
  15:Core/Src/stm32f1xx_it.c ****   *
  16:Core/Src/stm32f1xx_it.c ****   ******************************************************************************
  17:Core/Src/stm32f1xx_it.c ****   */
  18:Core/Src/stm32f1xx_it.c **** /* USER CODE END Header */
  19:Core/Src/stm32f1xx_it.c **** 
  20:Core/Src/stm32f1xx_it.c **** /* Includes ------------------------------------------------------------------*/
  21:Core/Src/stm32f1xx_it.c **** #include "main.h"
  22:Core/Src/stm32f1xx_it.c **** #include "stm32f1xx_it.h"
  23:Core/Src/stm32f1xx_it.c **** /* Private includes ----------------------------------------------------------*/
  24:Core/Src/stm32f1xx_it.c **** /* USER CODE BEGIN Includes */
  25:Core/Src/stm32f1xx_it.c **** #include "segment.h"
  26:Core/Src/stm32f1xx_it.c **** #include "hx711.h"
  27:Core/Src/stm32f1xx_it.c **** #include "stepper.h"
  28:Core/Src/stm32f1xx_it.c **** /* USER CODE END Includes */
  29:Core/Src/stm32f1xx_it.c **** 
  30:Core/Src/stm32f1xx_it.c **** /* Private typedef -----------------------------------------------------------*/
  31:Core/Src/stm32f1xx_it.c **** /* USER CODE BEGIN TD */
  32:Core/Src/stm32f1xx_it.c **** 
ARM GAS  /tmp/ccaYlAMP.s 			page 2


  33:Core/Src/stm32f1xx_it.c **** /* USER CODE END TD */
  34:Core/Src/stm32f1xx_it.c **** 
  35:Core/Src/stm32f1xx_it.c **** /* Private define ------------------------------------------------------------*/
  36:Core/Src/stm32f1xx_it.c **** /* USER CODE BEGIN PD */
  37:Core/Src/stm32f1xx_it.c **** 
  38:Core/Src/stm32f1xx_it.c **** /* USER CODE END PD */
  39:Core/Src/stm32f1xx_it.c **** 
  40:Core/Src/stm32f1xx_it.c **** /* Private macro -------------------------------------------------------------*/
  41:Core/Src/stm32f1xx_it.c **** /* USER CODE BEGIN PM */
  42:Core/Src/stm32f1xx_it.c **** 
  43:Core/Src/stm32f1xx_it.c **** /* USER CODE END PM */
  44:Core/Src/stm32f1xx_it.c **** 
  45:Core/Src/stm32f1xx_it.c **** /* Private variables ---------------------------------------------------------*/
  46:Core/Src/stm32f1xx_it.c **** /* USER CODE BEGIN PV */
  47:Core/Src/stm32f1xx_it.c **** uint32_t rpm = 0;
  48:Core/Src/stm32f1xx_it.c **** /* USER CODE END PV */
  49:Core/Src/stm32f1xx_it.c **** 
  50:Core/Src/stm32f1xx_it.c **** /* Private function prototypes -----------------------------------------------*/
  51:Core/Src/stm32f1xx_it.c **** /* USER CODE BEGIN PFP */
  52:Core/Src/stm32f1xx_it.c **** 
  53:Core/Src/stm32f1xx_it.c **** /* USER CODE END PFP */
  54:Core/Src/stm32f1xx_it.c **** 
  55:Core/Src/stm32f1xx_it.c **** /* Private user code ---------------------------------------------------------*/
  56:Core/Src/stm32f1xx_it.c **** /* USER CODE BEGIN 0 */
  57:Core/Src/stm32f1xx_it.c **** 
  58:Core/Src/stm32f1xx_it.c **** /* USER CODE END 0 */
  59:Core/Src/stm32f1xx_it.c **** 
  60:Core/Src/stm32f1xx_it.c **** /* External variables --------------------------------------------------------*/
  61:Core/Src/stm32f1xx_it.c **** extern CAN_HandleTypeDef hcan;
  62:Core/Src/stm32f1xx_it.c **** extern TIM_HandleTypeDef htim1;
  63:Core/Src/stm32f1xx_it.c **** /* USER CODE BEGIN EV */
  64:Core/Src/stm32f1xx_it.c **** extern hx711_t load_cell;
  65:Core/Src/stm32f1xx_it.c **** /* USER CODE END EV */
  66:Core/Src/stm32f1xx_it.c **** 
  67:Core/Src/stm32f1xx_it.c **** /******************************************************************************/
  68:Core/Src/stm32f1xx_it.c **** /*           Cortex-M3 Processor Interruption and Exception Handlers          */
  69:Core/Src/stm32f1xx_it.c **** /******************************************************************************/
  70:Core/Src/stm32f1xx_it.c **** /**
  71:Core/Src/stm32f1xx_it.c ****   * @brief This function handles Non maskable interrupt.
  72:Core/Src/stm32f1xx_it.c ****   */
  73:Core/Src/stm32f1xx_it.c **** void NMI_Handler(void)
  74:Core/Src/stm32f1xx_it.c **** {
  27              		.loc 1 74 1 view -0
  28              		.cfi_startproc
  29              		@ Volatile: function does not return.
  30              		@ args = 0, pretend = 0, frame = 0
  31              		@ frame_needed = 0, uses_anonymous_args = 0
  32              		@ link register save eliminated.
  33              	.L2:
  75:Core/Src/stm32f1xx_it.c ****   /* USER CODE BEGIN NonMaskableInt_IRQn 0 */
  76:Core/Src/stm32f1xx_it.c **** 
  77:Core/Src/stm32f1xx_it.c ****   /* USER CODE END NonMaskableInt_IRQn 0 */
  78:Core/Src/stm32f1xx_it.c ****   /* USER CODE BEGIN NonMaskableInt_IRQn 1 */
  79:Core/Src/stm32f1xx_it.c ****   while (1)
  34              		.loc 1 79 3 discriminator 1 view .LVU1
  80:Core/Src/stm32f1xx_it.c ****   {
  81:Core/Src/stm32f1xx_it.c ****   }
ARM GAS  /tmp/ccaYlAMP.s 			page 3


  35              		.loc 1 81 3 discriminator 1 view .LVU2
  79:Core/Src/stm32f1xx_it.c ****   {
  36              		.loc 1 79 9 discriminator 1 view .LVU3
  37 0000 FEE7     		b	.L2
  38              		.cfi_endproc
  39              	.LFE65:
  41              		.section	.text.HardFault_Handler,"ax",%progbits
  42              		.align	1
  43              		.global	HardFault_Handler
  44              		.syntax unified
  45              		.thumb
  46              		.thumb_func
  48              	HardFault_Handler:
  49              	.LFB66:
  82:Core/Src/stm32f1xx_it.c ****   /* USER CODE END NonMaskableInt_IRQn 1 */
  83:Core/Src/stm32f1xx_it.c **** }
  84:Core/Src/stm32f1xx_it.c **** 
  85:Core/Src/stm32f1xx_it.c **** /**
  86:Core/Src/stm32f1xx_it.c ****   * @brief This function handles Hard fault interrupt.
  87:Core/Src/stm32f1xx_it.c ****   */
  88:Core/Src/stm32f1xx_it.c **** void HardFault_Handler(void)
  89:Core/Src/stm32f1xx_it.c **** {
  50              		.loc 1 89 1 view -0
  51              		.cfi_startproc
  52              		@ Volatile: function does not return.
  53              		@ args = 0, pretend = 0, frame = 0
  54              		@ frame_needed = 0, uses_anonymous_args = 0
  55              		@ link register save eliminated.
  56              	.L4:
  90:Core/Src/stm32f1xx_it.c ****   /* USER CODE BEGIN HardFault_IRQn 0 */
  91:Core/Src/stm32f1xx_it.c **** 
  92:Core/Src/stm32f1xx_it.c ****   /* USER CODE END HardFault_IRQn 0 */
  93:Core/Src/stm32f1xx_it.c ****   while (1)
  57              		.loc 1 93 3 discriminator 1 view .LVU5
  94:Core/Src/stm32f1xx_it.c ****   {
  95:Core/Src/stm32f1xx_it.c ****     /* USER CODE BEGIN W1_HardFault_IRQn 0 */
  96:Core/Src/stm32f1xx_it.c ****     /* USER CODE END W1_HardFault_IRQn 0 */
  97:Core/Src/stm32f1xx_it.c ****   }
  58              		.loc 1 97 3 discriminator 1 view .LVU6
  93:Core/Src/stm32f1xx_it.c ****   {
  59              		.loc 1 93 9 discriminator 1 view .LVU7
  60 0000 FEE7     		b	.L4
  61              		.cfi_endproc
  62              	.LFE66:
  64              		.section	.text.MemManage_Handler,"ax",%progbits
  65              		.align	1
  66              		.global	MemManage_Handler
  67              		.syntax unified
  68              		.thumb
  69              		.thumb_func
  71              	MemManage_Handler:
  72              	.LFB67:
  98:Core/Src/stm32f1xx_it.c **** }
  99:Core/Src/stm32f1xx_it.c **** 
 100:Core/Src/stm32f1xx_it.c **** /**
 101:Core/Src/stm32f1xx_it.c ****   * @brief This function handles Memory management fault.
 102:Core/Src/stm32f1xx_it.c ****   */
ARM GAS  /tmp/ccaYlAMP.s 			page 4


 103:Core/Src/stm32f1xx_it.c **** void MemManage_Handler(void)
 104:Core/Src/stm32f1xx_it.c **** {
  73              		.loc 1 104 1 view -0
  74              		.cfi_startproc
  75              		@ Volatile: function does not return.
  76              		@ args = 0, pretend = 0, frame = 0
  77              		@ frame_needed = 0, uses_anonymous_args = 0
  78              		@ link register save eliminated.
  79              	.L6:
 105:Core/Src/stm32f1xx_it.c ****   /* USER CODE BEGIN MemoryManagement_IRQn 0 */
 106:Core/Src/stm32f1xx_it.c **** 
 107:Core/Src/stm32f1xx_it.c ****   /* USER CODE END MemoryManagement_IRQn 0 */
 108:Core/Src/stm32f1xx_it.c ****   while (1)
  80              		.loc 1 108 3 discriminator 1 view .LVU9
 109:Core/Src/stm32f1xx_it.c ****   {
 110:Core/Src/stm32f1xx_it.c ****     /* USER CODE BEGIN W1_MemoryManagement_IRQn 0 */
 111:Core/Src/stm32f1xx_it.c ****     /* USER CODE END W1_MemoryManagement_IRQn 0 */
 112:Core/Src/stm32f1xx_it.c ****   }
  81              		.loc 1 112 3 discriminator 1 view .LVU10
 108:Core/Src/stm32f1xx_it.c ****   {
  82              		.loc 1 108 9 discriminator 1 view .LVU11
  83 0000 FEE7     		b	.L6
  84              		.cfi_endproc
  85              	.LFE67:
  87              		.section	.text.BusFault_Handler,"ax",%progbits
  88              		.align	1
  89              		.global	BusFault_Handler
  90              		.syntax unified
  91              		.thumb
  92              		.thumb_func
  94              	BusFault_Handler:
  95              	.LFB68:
 113:Core/Src/stm32f1xx_it.c **** }
 114:Core/Src/stm32f1xx_it.c **** 
 115:Core/Src/stm32f1xx_it.c **** /**
 116:Core/Src/stm32f1xx_it.c ****   * @brief This function handles Prefetch fault, memory access fault.
 117:Core/Src/stm32f1xx_it.c ****   */
 118:Core/Src/stm32f1xx_it.c **** void BusFault_Handler(void)
 119:Core/Src/stm32f1xx_it.c **** {
  96              		.loc 1 119 1 view -0
  97              		.cfi_startproc
  98              		@ Volatile: function does not return.
  99              		@ args = 0, pretend = 0, frame = 0
 100              		@ frame_needed = 0, uses_anonymous_args = 0
 101              		@ link register save eliminated.
 102              	.L8:
 120:Core/Src/stm32f1xx_it.c ****   /* USER CODE BEGIN BusFault_IRQn 0 */
 121:Core/Src/stm32f1xx_it.c **** 
 122:Core/Src/stm32f1xx_it.c ****   /* USER CODE END BusFault_IRQn 0 */
 123:Core/Src/stm32f1xx_it.c ****   while (1)
 103              		.loc 1 123 3 discriminator 1 view .LVU13
 124:Core/Src/stm32f1xx_it.c ****   {
 125:Core/Src/stm32f1xx_it.c ****     /* USER CODE BEGIN W1_BusFault_IRQn 0 */
 126:Core/Src/stm32f1xx_it.c ****     /* USER CODE END W1_BusFault_IRQn 0 */
 127:Core/Src/stm32f1xx_it.c ****   }
 104              		.loc 1 127 3 discriminator 1 view .LVU14
 123:Core/Src/stm32f1xx_it.c ****   {
ARM GAS  /tmp/ccaYlAMP.s 			page 5


 105              		.loc 1 123 9 discriminator 1 view .LVU15
 106 0000 FEE7     		b	.L8
 107              		.cfi_endproc
 108              	.LFE68:
 110              		.section	.text.UsageFault_Handler,"ax",%progbits
 111              		.align	1
 112              		.global	UsageFault_Handler
 113              		.syntax unified
 114              		.thumb
 115              		.thumb_func
 117              	UsageFault_Handler:
 118              	.LFB69:
 128:Core/Src/stm32f1xx_it.c **** }
 129:Core/Src/stm32f1xx_it.c **** 
 130:Core/Src/stm32f1xx_it.c **** /**
 131:Core/Src/stm32f1xx_it.c ****   * @brief This function handles Undefined instruction or illegal state.
 132:Core/Src/stm32f1xx_it.c ****   */
 133:Core/Src/stm32f1xx_it.c **** void UsageFault_Handler(void)
 134:Core/Src/stm32f1xx_it.c **** {
 119              		.loc 1 134 1 view -0
 120              		.cfi_startproc
 121              		@ Volatile: function does not return.
 122              		@ args = 0, pretend = 0, frame = 0
 123              		@ frame_needed = 0, uses_anonymous_args = 0
 124              		@ link register save eliminated.
 125              	.L10:
 135:Core/Src/stm32f1xx_it.c ****   /* USER CODE BEGIN UsageFault_IRQn 0 */
 136:Core/Src/stm32f1xx_it.c **** 
 137:Core/Src/stm32f1xx_it.c ****   /* USER CODE END UsageFault_IRQn 0 */
 138:Core/Src/stm32f1xx_it.c ****   while (1)
 126              		.loc 1 138 3 discriminator 1 view .LVU17
 139:Core/Src/stm32f1xx_it.c ****   {
 140:Core/Src/stm32f1xx_it.c ****     /* USER CODE BEGIN W1_UsageFault_IRQn 0 */
 141:Core/Src/stm32f1xx_it.c ****     /* USER CODE END W1_UsageFault_IRQn 0 */
 142:Core/Src/stm32f1xx_it.c ****   }
 127              		.loc 1 142 3 discriminator 1 view .LVU18
 138:Core/Src/stm32f1xx_it.c ****   {
 128              		.loc 1 138 9 discriminator 1 view .LVU19
 129 0000 FEE7     		b	.L10
 130              		.cfi_endproc
 131              	.LFE69:
 133              		.section	.text.SVC_Handler,"ax",%progbits
 134              		.align	1
 135              		.global	SVC_Handler
 136              		.syntax unified
 137              		.thumb
 138              		.thumb_func
 140              	SVC_Handler:
 141              	.LFB70:
 143:Core/Src/stm32f1xx_it.c **** }
 144:Core/Src/stm32f1xx_it.c **** 
 145:Core/Src/stm32f1xx_it.c **** /**
 146:Core/Src/stm32f1xx_it.c ****   * @brief This function handles System service call via SWI instruction.
 147:Core/Src/stm32f1xx_it.c ****   */
 148:Core/Src/stm32f1xx_it.c **** void SVC_Handler(void)
 149:Core/Src/stm32f1xx_it.c **** {
 142              		.loc 1 149 1 view -0
ARM GAS  /tmp/ccaYlAMP.s 			page 6


 143              		.cfi_startproc
 144              		@ args = 0, pretend = 0, frame = 0
 145              		@ frame_needed = 0, uses_anonymous_args = 0
 146              		@ link register save eliminated.
 150:Core/Src/stm32f1xx_it.c ****   /* USER CODE BEGIN SVCall_IRQn 0 */
 151:Core/Src/stm32f1xx_it.c **** 
 152:Core/Src/stm32f1xx_it.c ****   /* USER CODE END SVCall_IRQn 0 */
 153:Core/Src/stm32f1xx_it.c ****   /* USER CODE BEGIN SVCall_IRQn 1 */
 154:Core/Src/stm32f1xx_it.c **** 
 155:Core/Src/stm32f1xx_it.c ****   /* USER CODE END SVCall_IRQn 1 */
 156:Core/Src/stm32f1xx_it.c **** }
 147              		.loc 1 156 1 view .LVU21
 148 0000 7047     		bx	lr
 149              		.cfi_endproc
 150              	.LFE70:
 152              		.section	.text.DebugMon_Handler,"ax",%progbits
 153              		.align	1
 154              		.global	DebugMon_Handler
 155              		.syntax unified
 156              		.thumb
 157              		.thumb_func
 159              	DebugMon_Handler:
 160              	.LFB71:
 157:Core/Src/stm32f1xx_it.c **** 
 158:Core/Src/stm32f1xx_it.c **** /**
 159:Core/Src/stm32f1xx_it.c ****   * @brief This function handles Debug monitor.
 160:Core/Src/stm32f1xx_it.c ****   */
 161:Core/Src/stm32f1xx_it.c **** void DebugMon_Handler(void)
 162:Core/Src/stm32f1xx_it.c **** {
 161              		.loc 1 162 1 view -0
 162              		.cfi_startproc
 163              		@ args = 0, pretend = 0, frame = 0
 164              		@ frame_needed = 0, uses_anonymous_args = 0
 165              		@ link register save eliminated.
 163:Core/Src/stm32f1xx_it.c ****   /* USER CODE BEGIN DebugMonitor_IRQn 0 */
 164:Core/Src/stm32f1xx_it.c **** 
 165:Core/Src/stm32f1xx_it.c ****   /* USER CODE END DebugMonitor_IRQn 0 */
 166:Core/Src/stm32f1xx_it.c ****   /* USER CODE BEGIN DebugMonitor_IRQn 1 */
 167:Core/Src/stm32f1xx_it.c **** 
 168:Core/Src/stm32f1xx_it.c ****   /* USER CODE END DebugMonitor_IRQn 1 */
 169:Core/Src/stm32f1xx_it.c **** }
 166              		.loc 1 169 1 view .LVU23
 167 0000 7047     		bx	lr
 168              		.cfi_endproc
 169              	.LFE71:
 171              		.section	.text.PendSV_Handler,"ax",%progbits
 172              		.align	1
 173              		.global	PendSV_Handler
 174              		.syntax unified
 175              		.thumb
 176              		.thumb_func
 178              	PendSV_Handler:
 179              	.LFB72:
 170:Core/Src/stm32f1xx_it.c **** 
 171:Core/Src/stm32f1xx_it.c **** /**
 172:Core/Src/stm32f1xx_it.c ****   * @brief This function handles Pendable request for system service.
 173:Core/Src/stm32f1xx_it.c ****   */
ARM GAS  /tmp/ccaYlAMP.s 			page 7


 174:Core/Src/stm32f1xx_it.c **** void PendSV_Handler(void)
 175:Core/Src/stm32f1xx_it.c **** {
 180              		.loc 1 175 1 view -0
 181              		.cfi_startproc
 182              		@ args = 0, pretend = 0, frame = 0
 183              		@ frame_needed = 0, uses_anonymous_args = 0
 184              		@ link register save eliminated.
 176:Core/Src/stm32f1xx_it.c ****   /* USER CODE BEGIN PendSV_IRQn 0 */
 177:Core/Src/stm32f1xx_it.c **** 
 178:Core/Src/stm32f1xx_it.c ****   /* USER CODE END PendSV_IRQn 0 */
 179:Core/Src/stm32f1xx_it.c ****   /* USER CODE BEGIN PendSV_IRQn 1 */
 180:Core/Src/stm32f1xx_it.c **** 
 181:Core/Src/stm32f1xx_it.c ****   /* USER CODE END PendSV_IRQn 1 */
 182:Core/Src/stm32f1xx_it.c **** }
 185              		.loc 1 182 1 view .LVU25
 186 0000 7047     		bx	lr
 187              		.cfi_endproc
 188              	.LFE72:
 190              		.section	.text.SysTick_Handler,"ax",%progbits
 191              		.align	1
 192              		.global	SysTick_Handler
 193              		.syntax unified
 194              		.thumb
 195              		.thumb_func
 197              	SysTick_Handler:
 198              	.LFB73:
 183:Core/Src/stm32f1xx_it.c **** 
 184:Core/Src/stm32f1xx_it.c **** /**
 185:Core/Src/stm32f1xx_it.c ****   * @brief This function handles System tick timer.
 186:Core/Src/stm32f1xx_it.c ****   */
 187:Core/Src/stm32f1xx_it.c **** void SysTick_Handler(void)
 188:Core/Src/stm32f1xx_it.c **** {
 199              		.loc 1 188 1 view -0
 200              		.cfi_startproc
 201              		@ args = 0, pretend = 0, frame = 0
 202              		@ frame_needed = 0, uses_anonymous_args = 0
 203 0000 08B5     		push	{r3, lr}
 204              		.cfi_def_cfa_offset 8
 205              		.cfi_offset 3, -8
 206              		.cfi_offset 14, -4
 189:Core/Src/stm32f1xx_it.c ****   /* USER CODE BEGIN SysTick_IRQn 0 */
 190:Core/Src/stm32f1xx_it.c ****   // rpm++;
 191:Core/Src/stm32f1xx_it.c ****   seg_set_value(rpm / 10);
 207              		.loc 1 191 3 view .LVU27
 208 0002 064B     		ldr	r3, .L16
 209 0004 1868     		ldr	r0, [r3]
 210 0006 064B     		ldr	r3, .L16+4
 211 0008 A3FB0030 		umull	r3, r0, r3, r0
 212 000c C008     		lsrs	r0, r0, #3
 213 000e FFF7FEFF 		bl	seg_set_value
 214              	.LVL0:
 192:Core/Src/stm32f1xx_it.c ****   seg_update();
 215              		.loc 1 192 3 view .LVU28
 216 0012 FFF7FEFF 		bl	seg_update
 217              	.LVL1:
 193:Core/Src/stm32f1xx_it.c **** 
 194:Core/Src/stm32f1xx_it.c ****   /* USER CODE END SysTick_IRQn 0 */
ARM GAS  /tmp/ccaYlAMP.s 			page 8


 195:Core/Src/stm32f1xx_it.c ****   HAL_IncTick();
 218              		.loc 1 195 3 view .LVU29
 219 0016 FFF7FEFF 		bl	HAL_IncTick
 220              	.LVL2:
 196:Core/Src/stm32f1xx_it.c ****   /* USER CODE BEGIN SysTick_IRQn 1 */
 197:Core/Src/stm32f1xx_it.c **** 
 198:Core/Src/stm32f1xx_it.c ****   /* USER CODE END SysTick_IRQn 1 */
 199:Core/Src/stm32f1xx_it.c **** }
 221              		.loc 1 199 1 is_stmt 0 view .LVU30
 222 001a 08BD     		pop	{r3, pc}
 223              	.L17:
 224              		.align	2
 225              	.L16:
 226 001c 00000000 		.word	.LANCHOR0
 227 0020 CDCCCCCC 		.word	-858993459
 228              		.cfi_endproc
 229              	.LFE73:
 231              		.section	.text.USB_LP_CAN1_RX0_IRQHandler,"ax",%progbits
 232              		.align	1
 233              		.global	USB_LP_CAN1_RX0_IRQHandler
 234              		.syntax unified
 235              		.thumb
 236              		.thumb_func
 238              	USB_LP_CAN1_RX0_IRQHandler:
 239              	.LFB74:
 200:Core/Src/stm32f1xx_it.c **** 
 201:Core/Src/stm32f1xx_it.c **** /******************************************************************************/
 202:Core/Src/stm32f1xx_it.c **** /* STM32F1xx Peripheral Interrupt Handlers                                    */
 203:Core/Src/stm32f1xx_it.c **** /* Add here the Interrupt Handlers for the used peripherals.                  */
 204:Core/Src/stm32f1xx_it.c **** /* For the available peripheral interrupt handler names,                      */
 205:Core/Src/stm32f1xx_it.c **** /* please refer to the startup file (startup_stm32f1xx.s).                    */
 206:Core/Src/stm32f1xx_it.c **** /******************************************************************************/
 207:Core/Src/stm32f1xx_it.c **** 
 208:Core/Src/stm32f1xx_it.c **** /**
 209:Core/Src/stm32f1xx_it.c ****   * @brief This function handles USB low priority or CAN RX0 interrupts.
 210:Core/Src/stm32f1xx_it.c ****   */
 211:Core/Src/stm32f1xx_it.c **** void USB_LP_CAN1_RX0_IRQHandler(void)
 212:Core/Src/stm32f1xx_it.c **** {
 240              		.loc 1 212 1 is_stmt 1 view -0
 241              		.cfi_startproc
 242              		@ args = 0, pretend = 0, frame = 0
 243              		@ frame_needed = 0, uses_anonymous_args = 0
 244 0000 08B5     		push	{r3, lr}
 245              		.cfi_def_cfa_offset 8
 246              		.cfi_offset 3, -8
 247              		.cfi_offset 14, -4
 213:Core/Src/stm32f1xx_it.c ****   /* USER CODE BEGIN USB_LP_CAN1_RX0_IRQn 0 */
 214:Core/Src/stm32f1xx_it.c **** 
 215:Core/Src/stm32f1xx_it.c ****   /* USER CODE END USB_LP_CAN1_RX0_IRQn 0 */
 216:Core/Src/stm32f1xx_it.c ****   HAL_CAN_IRQHandler(&hcan);
 248              		.loc 1 216 3 view .LVU32
 249 0002 0248     		ldr	r0, .L20
 250 0004 FFF7FEFF 		bl	HAL_CAN_IRQHandler
 251              	.LVL3:
 217:Core/Src/stm32f1xx_it.c ****   /* USER CODE BEGIN USB_LP_CAN1_RX0_IRQn 1 */
 218:Core/Src/stm32f1xx_it.c **** 
 219:Core/Src/stm32f1xx_it.c ****   /* USER CODE END USB_LP_CAN1_RX0_IRQn 1 */
ARM GAS  /tmp/ccaYlAMP.s 			page 9


 220:Core/Src/stm32f1xx_it.c **** }
 252              		.loc 1 220 1 is_stmt 0 view .LVU33
 253 0008 08BD     		pop	{r3, pc}
 254              	.L21:
 255 000a 00BF     		.align	2
 256              	.L20:
 257 000c 00000000 		.word	hcan
 258              		.cfi_endproc
 259              	.LFE74:
 261              		.section	.text.TIM1_UP_IRQHandler,"ax",%progbits
 262              		.align	1
 263              		.global	TIM1_UP_IRQHandler
 264              		.syntax unified
 265              		.thumb
 266              		.thumb_func
 268              	TIM1_UP_IRQHandler:
 269              	.LFB75:
 221:Core/Src/stm32f1xx_it.c **** 
 222:Core/Src/stm32f1xx_it.c **** /**
 223:Core/Src/stm32f1xx_it.c ****   * @brief This function handles TIM1 update interrupt.
 224:Core/Src/stm32f1xx_it.c ****   */
 225:Core/Src/stm32f1xx_it.c **** void TIM1_UP_IRQHandler(void)
 226:Core/Src/stm32f1xx_it.c **** {
 270              		.loc 1 226 1 is_stmt 1 view -0
 271              		.cfi_startproc
 272              		@ args = 0, pretend = 0, frame = 0
 273              		@ frame_needed = 0, uses_anonymous_args = 0
 274 0000 08B5     		push	{r3, lr}
 275              		.cfi_def_cfa_offset 8
 276              		.cfi_offset 3, -8
 277              		.cfi_offset 14, -4
 227:Core/Src/stm32f1xx_it.c ****   /* USER CODE BEGIN TIM1_UP_IRQn 0 */
 228:Core/Src/stm32f1xx_it.c **** 
 229:Core/Src/stm32f1xx_it.c ****   /* USER CODE END TIM1_UP_IRQn 0 */
 230:Core/Src/stm32f1xx_it.c ****   HAL_TIM_IRQHandler(&htim1);
 278              		.loc 1 230 3 view .LVU35
 279 0002 0248     		ldr	r0, .L24
 280 0004 FFF7FEFF 		bl	HAL_TIM_IRQHandler
 281              	.LVL4:
 231:Core/Src/stm32f1xx_it.c ****   /* USER CODE BEGIN TIM1_UP_IRQn 1 */
 232:Core/Src/stm32f1xx_it.c **** 
 233:Core/Src/stm32f1xx_it.c ****   /* USER CODE END TIM1_UP_IRQn 1 */
 234:Core/Src/stm32f1xx_it.c **** }
 282              		.loc 1 234 1 is_stmt 0 view .LVU36
 283 0008 08BD     		pop	{r3, pc}
 284              	.L25:
 285 000a 00BF     		.align	2
 286              	.L24:
 287 000c 00000000 		.word	htim1
 288              		.cfi_endproc
 289              	.LFE75:
 291              		.section	.text.TIM1_CC_IRQHandler,"ax",%progbits
 292              		.align	1
 293              		.global	TIM1_CC_IRQHandler
 294              		.syntax unified
 295              		.thumb
 296              		.thumb_func
ARM GAS  /tmp/ccaYlAMP.s 			page 10


 298              	TIM1_CC_IRQHandler:
 299              	.LFB76:
 235:Core/Src/stm32f1xx_it.c **** 
 236:Core/Src/stm32f1xx_it.c **** /**
 237:Core/Src/stm32f1xx_it.c ****   * @brief This function handles TIM1 capture compare interrupt.
 238:Core/Src/stm32f1xx_it.c ****   */
 239:Core/Src/stm32f1xx_it.c **** void TIM1_CC_IRQHandler(void)
 240:Core/Src/stm32f1xx_it.c **** {
 300              		.loc 1 240 1 is_stmt 1 view -0
 301              		.cfi_startproc
 302              		@ args = 0, pretend = 0, frame = 0
 303              		@ frame_needed = 0, uses_anonymous_args = 0
 304 0000 08B5     		push	{r3, lr}
 305              		.cfi_def_cfa_offset 8
 306              		.cfi_offset 3, -8
 307              		.cfi_offset 14, -4
 241:Core/Src/stm32f1xx_it.c ****   /* USER CODE BEGIN TIM1_CC_IRQn 0 */
 242:Core/Src/stm32f1xx_it.c **** 
 243:Core/Src/stm32f1xx_it.c ****   stepper_pulse_finished();
 308              		.loc 1 243 3 view .LVU38
 309 0002 FFF7FEFF 		bl	stepper_pulse_finished
 310              	.LVL5:
 244:Core/Src/stm32f1xx_it.c ****   /* USER CODE END TIM1_CC_IRQn 0 */
 245:Core/Src/stm32f1xx_it.c ****   HAL_TIM_IRQHandler(&htim1);
 311              		.loc 1 245 3 view .LVU39
 312 0006 0248     		ldr	r0, .L28
 313 0008 FFF7FEFF 		bl	HAL_TIM_IRQHandler
 314              	.LVL6:
 246:Core/Src/stm32f1xx_it.c ****   /* USER CODE BEGIN TIM1_CC_IRQn 1 */
 247:Core/Src/stm32f1xx_it.c **** 
 248:Core/Src/stm32f1xx_it.c ****   /* USER CODE END TIM1_CC_IRQn 1 */
 249:Core/Src/stm32f1xx_it.c **** }
 315              		.loc 1 249 1 is_stmt 0 view .LVU40
 316 000c 08BD     		pop	{r3, pc}
 317              	.L29:
 318 000e 00BF     		.align	2
 319              	.L28:
 320 0010 00000000 		.word	htim1
 321              		.cfi_endproc
 322              	.LFE76:
 324              		.global	rpm
 325              		.section	.bss.rpm,"aw",%nobits
 326              		.align	2
 327              		.set	.LANCHOR0,. + 0
 330              	rpm:
 331 0000 00000000 		.space	4
 332              		.text
 333              	.Letext0:
 334              		.file 2 "/home/jack/.config/Code - OSS/User/globalStorage/bmd.stm32-for-vscode/@xpack-dev-tools/ar
 335              		.file 3 "/home/jack/.config/Code - OSS/User/globalStorage/bmd.stm32-for-vscode/@xpack-dev-tools/ar
 336              		.file 4 "Drivers/CMSIS/Device/ST/STM32F1xx/Include/stm32f103xb.h"
 337              		.file 5 "Drivers/CMSIS/Device/ST/STM32F1xx/Include/stm32f1xx.h"
 338              		.file 6 "Drivers/STM32F1xx_HAL_Driver/Inc/stm32f1xx_hal_def.h"
 339              		.file 7 "Drivers/STM32F1xx_HAL_Driver/Inc/stm32f1xx_hal_dma.h"
 340              		.file 8 "Drivers/STM32F1xx_HAL_Driver/Inc/stm32f1xx_hal_can.h"
 341              		.file 9 "Drivers/STM32F1xx_HAL_Driver/Inc/stm32f1xx_hal_tim.h"
 342              		.file 10 "Core/Inc/stepper.h"
ARM GAS  /tmp/ccaYlAMP.s 			page 11


 343              		.file 11 "Drivers/STM32F1xx_HAL_Driver/Inc/stm32f1xx_hal.h"
 344              		.file 12 "Core/Inc/segment.h"
ARM GAS  /tmp/ccaYlAMP.s 			page 12


DEFINED SYMBOLS
                            *ABS*:0000000000000000 stm32f1xx_it.c
     /tmp/ccaYlAMP.s:18     .text.NMI_Handler:0000000000000000 $t
     /tmp/ccaYlAMP.s:24     .text.NMI_Handler:0000000000000000 NMI_Handler
     /tmp/ccaYlAMP.s:42     .text.HardFault_Handler:0000000000000000 $t
     /tmp/ccaYlAMP.s:48     .text.HardFault_Handler:0000000000000000 HardFault_Handler
     /tmp/ccaYlAMP.s:65     .text.MemManage_Handler:0000000000000000 $t
     /tmp/ccaYlAMP.s:71     .text.MemManage_Handler:0000000000000000 MemManage_Handler
     /tmp/ccaYlAMP.s:88     .text.BusFault_Handler:0000000000000000 $t
     /tmp/ccaYlAMP.s:94     .text.BusFault_Handler:0000000000000000 BusFault_Handler
     /tmp/ccaYlAMP.s:111    .text.UsageFault_Handler:0000000000000000 $t
     /tmp/ccaYlAMP.s:117    .text.UsageFault_Handler:0000000000000000 UsageFault_Handler
     /tmp/ccaYlAMP.s:134    .text.SVC_Handler:0000000000000000 $t
     /tmp/ccaYlAMP.s:140    .text.SVC_Handler:0000000000000000 SVC_Handler
     /tmp/ccaYlAMP.s:153    .text.DebugMon_Handler:0000000000000000 $t
     /tmp/ccaYlAMP.s:159    .text.DebugMon_Handler:0000000000000000 DebugMon_Handler
     /tmp/ccaYlAMP.s:172    .text.PendSV_Handler:0000000000000000 $t
     /tmp/ccaYlAMP.s:178    .text.PendSV_Handler:0000000000000000 PendSV_Handler
     /tmp/ccaYlAMP.s:191    .text.SysTick_Handler:0000000000000000 $t
     /tmp/ccaYlAMP.s:197    .text.SysTick_Handler:0000000000000000 SysTick_Handler
     /tmp/ccaYlAMP.s:226    .text.SysTick_Handler:000000000000001c $d
     /tmp/ccaYlAMP.s:232    .text.USB_LP_CAN1_RX0_IRQHandler:0000000000000000 $t
     /tmp/ccaYlAMP.s:238    .text.USB_LP_CAN1_RX0_IRQHandler:0000000000000000 USB_LP_CAN1_RX0_IRQHandler
     /tmp/ccaYlAMP.s:257    .text.USB_LP_CAN1_RX0_IRQHandler:000000000000000c $d
     /tmp/ccaYlAMP.s:262    .text.TIM1_UP_IRQHandler:0000000000000000 $t
     /tmp/ccaYlAMP.s:268    .text.TIM1_UP_IRQHandler:0000000000000000 TIM1_UP_IRQHandler
     /tmp/ccaYlAMP.s:287    .text.TIM1_UP_IRQHandler:000000000000000c $d
     /tmp/ccaYlAMP.s:292    .text.TIM1_CC_IRQHandler:0000000000000000 $t
     /tmp/ccaYlAMP.s:298    .text.TIM1_CC_IRQHandler:0000000000000000 TIM1_CC_IRQHandler
     /tmp/ccaYlAMP.s:320    .text.TIM1_CC_IRQHandler:0000000000000010 $d
     /tmp/ccaYlAMP.s:330    .bss.rpm:0000000000000000 rpm
     /tmp/ccaYlAMP.s:326    .bss.rpm:0000000000000000 $d

UNDEFINED SYMBOLS
seg_set_value
seg_update
HAL_IncTick
HAL_CAN_IRQHandler
hcan
HAL_TIM_IRQHandler
htim1
stepper_pulse_finished
